[2026-03-12 03:02:59] [INFO   ] SEO Spider Monitor started (interval=300s, pid=90180)
[2026-03-12 03:02:59] [INFO   ] Log file: /Users/kc/Desktop/Screaming Frog Clone/logs/monitor.log
[2026-03-12 03:02:59] [INFO   ] ============================================================
[2026-03-12 03:02:59] [INFO   ] Health Check #1
[2026-03-12 03:02:59] [INFO   ] ============================================================
[2026-03-12 03:02:59] [OK     ] Containers: all 5 running
[2026-03-12 03:02:59] [ERROR  ] Database status=None (expected ok)
[2026-03-12 03:02:59] [ERROR  ] Redis status=None (expected ok)
[2026-03-12 03:02:59] [OK     ] Frontend: serving (200)
[2026-03-12 03:02:59] [OK     ] API endpoints: all responding
[2026-03-12 03:02:59] [OK     ] Container logs: clean (no critical errors)
[2026-03-12 03:02:59] [OK     ] Disk space: OK
[2026-03-12 03:02:59] [OK     ] Active crawls: none stuck
[2026-03-12 03:02:59] [INFO   ] Status: DEGRADED (2 issue(s))  |  Checks: 1  |  Fixes applied: 0
[2026-03-12 03:02:59] [INFO   ] 
[2026-03-12 03:03:32] [INFO   ] SEO Spider Monitor started (interval=300s, pid=90394)
[2026-03-12 03:03:32] [INFO   ] Log file: /Users/kc/Desktop/Screaming Frog Clone/logs/monitor.log
[2026-03-12 03:03:32] [INFO   ] ============================================================
[2026-03-12 03:03:32] [INFO   ] Health Check #1
[2026-03-12 03:03:32] [INFO   ] ============================================================
[2026-03-12 03:03:32] [OK     ] Containers: all 5 running
[2026-03-12 03:03:32] [OK     ] API health: healthy (db=ok, redis=ok)
[2026-03-12 03:03:32] [OK     ] Frontend: serving (200)
[2026-03-12 03:03:32] [OK     ] API endpoints: all responding
[2026-03-12 03:03:32] [OK     ] Container logs: clean (no critical errors)
[2026-03-12 03:03:32] [OK     ] Disk space: OK
[2026-03-12 03:03:32] [OK     ] Active crawls: none stuck
[2026-03-12 03:03:32] [INFO   ] Status: HEALTHY  |  Checks: 1  |  Fixes applied: 0
[2026-03-12 03:03:32] [INFO   ] 
[2026-03-12 03:03:54] [INFO   ] SEO Spider Monitor started (interval=300s, pid=90794)
[2026-03-12 03:03:54] [INFO   ] Log file: /Users/kc/Desktop/Screaming Frog Clone/logs/monitor.log
[2026-03-12 03:03:54] [INFO   ] ============================================================
[2026-03-12 03:03:54] [INFO   ] Health Check #1
[2026-03-12 03:03:54] [INFO   ] ============================================================
[2026-03-12 03:03:54] [OK     ] Containers: all 5 running
[2026-03-12 03:03:54] [OK     ] API health: healthy (db=ok, redis=ok)
[2026-03-12 03:03:54] [OK     ] Frontend: serving (200)
[2026-03-12 03:03:54] [OK     ] API endpoints: all responding
[2026-03-12 03:03:54] [OK     ] Container logs: clean (no critical errors)
[2026-03-12 03:03:54] [OK     ] Disk space: OK
[2026-03-12 03:03:54] [OK     ] Active crawls: none stuck
[2026-03-12 03:03:54] [INFO   ] Status: HEALTHY  |  Checks: 1  |  Fixes applied: 0
[2026-03-12 03:03:54] [INFO   ] 
[2026-03-12 03:08:56] [INFO   ] ============================================================
[2026-03-12 03:08:56] [INFO   ] Health Check #2
[2026-03-12 03:08:56] [INFO   ] ============================================================
[2026-03-12 03:08:56] [OK     ] Containers: all 5 running
[2026-03-12 03:08:56] [OK     ] API health: healthy (db=ok, redis=ok)
[2026-03-12 03:08:56] [OK     ] Frontend: serving (200)
[2026-03-12 03:08:56] [OK     ] API endpoints: all responding
[2026-03-12 03:08:56] [OK     ] Container logs: clean (no critical errors)
[2026-03-12 03:08:56] [OK     ] Disk space: OK
[2026-03-12 03:08:56] [OK     ] Active crawls: none stuck
[2026-03-12 03:08:56] [INFO   ] Status: HEALTHY  |  Checks: 2  |  Fixes applied: 0
[2026-03-12 03:08:56] [INFO   ] 
[2026-03-12 03:13:57] [INFO   ] ============================================================
[2026-03-12 03:13:57] [INFO   ] Health Check #3
[2026-03-12 03:13:57] [INFO   ] ============================================================
[2026-03-12 03:13:57] [OK     ] Containers: all 5 running
[2026-03-12 03:13:57] [OK     ] API health: healthy (db=ok, redis=ok)
[2026-03-12 03:13:57] [OK     ] Frontend: serving (200)
[2026-03-12 03:13:57] [OK     ] API endpoints: all responding
[2026-03-12 03:13:57] [WARN   ] [nginx] 17 error(s) in last 6min: 2026/03/11 20:09:58 [error] 25#25: *1882 connect() failed (111: Connection refused) while connecting to upstream, client: 192.168.65.1, server: localhost, request: "GET /api/v1/crawls/9b4cde8b-5e18-42
[2026-03-12 03:13:57] [OK     ] Disk space: OK
[2026-03-12 03:13:57] [OK     ] Active crawls: none stuck
[2026-03-12 03:13:57] [INFO   ] Status: HEALTHY  |  Checks: 3  |  Fixes applied: 0
[2026-03-12 03:13:57] [INFO   ] 
[2026-03-12 03:18:59] [INFO   ] ============================================================
[2026-03-12 03:18:59] [INFO   ] Health Check #4
[2026-03-12 03:18:59] [INFO   ] ============================================================
[2026-03-12 03:18:59] [OK     ] Containers: all 5 running
[2026-03-12 03:18:59] [OK     ] API health: healthy (db=ok, redis=ok)
[2026-03-12 03:18:59] [OK     ] Frontend: serving (200)
[2026-03-12 03:18:59] [OK     ] API endpoints: all responding
[2026-03-12 03:18:59] [OK     ] Container logs: clean (no critical errors)
[2026-03-12 03:18:59] [OK     ] Disk space: OK
[2026-03-12 03:18:59] [OK     ] Active crawls: none stuck
[2026-03-12 03:18:59] [INFO   ] Status: HEALTHY  |  Checks: 4  |  Fixes applied: 0
[2026-03-12 03:18:59] [INFO   ] 
[2026-03-12 03:24:00] [INFO   ] ============================================================
[2026-03-12 03:24:00] [INFO   ] Health Check #5
[2026-03-12 03:24:00] [INFO   ] ============================================================
[2026-03-12 03:24:00] [OK     ] Containers: all 5 running
[2026-03-12 03:24:00] [OK     ] API health: healthy (db=ok, redis=ok)
[2026-03-12 03:24:00] [OK     ] Frontend: serving (200)
[2026-03-12 03:24:00] [OK     ] API endpoints: all responding
[2026-03-12 03:24:00] [OK     ] Container logs: clean (no critical errors)
[2026-03-12 03:24:00] [OK     ] Disk space: OK
[2026-03-12 03:24:00] [OK     ] Active crawls: none stuck
[2026-03-12 03:24:00] [INFO   ] Status: HEALTHY  |  Checks: 5  |  Fixes applied: 0
[2026-03-12 03:24:00] [INFO   ] 
[2026-03-12 03:29:02] [INFO   ] ============================================================
[2026-03-12 03:29:02] [INFO   ] Health Check #6
[2026-03-12 03:29:02] [INFO   ] ============================================================
[2026-03-12 03:29:02] [OK     ] Containers: all 5 running
[2026-03-12 03:29:02] [OK     ] API health: healthy (db=ok, redis=ok)
[2026-03-12 03:29:02] [OK     ] Frontend: serving (200)
[2026-03-12 03:29:02] [OK     ] API endpoints: all responding
[2026-03-12 03:29:02] [OK     ] Container logs: clean (no critical errors)
[2026-03-12 03:29:02] [OK     ] Disk space: OK
[2026-03-12 03:29:02] [OK     ] Active crawls: none stuck
[2026-03-12 03:29:02] [INFO   ] Status: HEALTHY  |  Checks: 6  |  Fixes applied: 0
[2026-03-12 03:29:02] [INFO   ] 
[2026-03-12 03:34:03] [INFO   ] ============================================================
[2026-03-12 03:34:03] [INFO   ] Health Check #7
[2026-03-12 03:34:03] [INFO   ] ============================================================
[2026-03-12 03:34:03] [OK     ] Containers: all 5 running
[2026-03-12 03:34:03] [OK     ] API health: healthy (db=ok, redis=ok)
[2026-03-12 03:34:03] [OK     ] Frontend: serving (200)
[2026-03-12 03:34:03] [OK     ] API endpoints: all responding
[2026-03-12 03:34:03] [OK     ] Container logs: clean (no critical errors)
[2026-03-12 03:34:03] [OK     ] Disk space: OK
[2026-03-12 03:34:03] [OK     ] Active crawls: none stuck
[2026-03-12 03:34:03] [INFO   ] Status: HEALTHY  |  Checks: 7  |  Fixes applied: 0
[2026-03-12 03:34:03] [INFO   ] 
[2026-03-12 03:39:04] [INFO   ] ============================================================
[2026-03-12 03:39:04] [INFO   ] Health Check #8
[2026-03-12 03:39:04] [INFO   ] ============================================================
[2026-03-12 03:39:04] [OK     ] Containers: all 5 running
[2026-03-12 03:39:04] [OK     ] API health: healthy (db=ok, redis=ok)
[2026-03-12 03:39:05] [OK     ] Frontend: serving (200)
[2026-03-12 03:39:05] [OK     ] API endpoints: all responding
[2026-03-12 03:39:05] [OK     ] Container logs: clean (no critical errors)
[2026-03-12 03:39:05] [OK     ] Disk space: OK
[2026-03-12 03:39:05] [OK     ] Active crawls: none stuck
[2026-03-12 03:39:05] [INFO   ] Status: HEALTHY  |  Checks: 8  |  Fixes applied: 0
[2026-03-12 03:39:05] [INFO   ] 
[2026-03-12 03:44:06] [INFO   ] ============================================================
[2026-03-12 03:44:06] [INFO   ] Health Check #9
[2026-03-12 03:44:06] [INFO   ] ============================================================
[2026-03-12 03:44:06] [OK     ] Containers: all 5 running
[2026-03-12 03:44:06] [OK     ] API health: healthy (db=ok, redis=ok)
[2026-03-12 03:44:06] [OK     ] Frontend: serving (200)
[2026-03-12 03:44:06] [OK     ] API endpoints: all responding
[2026-03-12 03:44:06] [OK     ] Container logs: clean (no critical errors)
[2026-03-12 03:44:06] [OK     ] Disk space: OK
[2026-03-12 03:44:06] [OK     ] Active crawls: none stuck
[2026-03-12 03:44:06] [INFO   ] Status: HEALTHY  |  Checks: 9  |  Fixes applied: 0
[2026-03-12 03:44:06] [INFO   ] 
[2026-03-12 03:49:08] [INFO   ] ============================================================
[2026-03-12 03:49:08] [INFO   ] Health Check #10
[2026-03-12 03:49:08] [INFO   ] ============================================================
[2026-03-12 03:49:08] [OK     ] Containers: all 5 running
[2026-03-12 03:49:08] [OK     ] API health: healthy (db=ok, redis=ok)
[2026-03-12 03:49:08] [OK     ] Frontend: serving (200)
[2026-03-12 03:49:08] [OK     ] API endpoints: all responding
[2026-03-12 03:49:08] [OK     ] Container logs: clean (no critical errors)
[2026-03-12 03:49:08] [OK     ] Disk space: OK
[2026-03-12 03:49:08] [OK     ] Active crawls: none stuck
[2026-03-12 03:49:08] [INFO   ] Status: HEALTHY  |  Checks: 10  |  Fixes applied: 0
[2026-03-12 03:49:08] [INFO   ] 
[2026-03-12 03:54:10] [INFO   ] ============================================================
[2026-03-12 03:54:10] [INFO   ] Health Check #11
[2026-03-12 03:54:10] [INFO   ] ============================================================
[2026-03-12 03:54:11] [OK     ] Containers: all 5 running
[2026-03-12 03:54:11] [OK     ] API health: healthy (db=ok, redis=ok)
[2026-03-12 03:54:11] [OK     ] Frontend: serving (200)
[2026-03-12 03:54:11] [OK     ] API endpoints: all responding
[2026-03-12 03:54:11] [OK     ] Container logs: clean (no critical errors)
[2026-03-12 03:54:11] [OK     ] Disk space: OK
[2026-03-12 03:54:11] [OK     ] Active crawls: none stuck
[2026-03-12 03:54:11] [INFO   ] Status: HEALTHY  |  Checks: 11  |  Fixes applied: 0
[2026-03-12 03:54:11] [INFO   ] 
[2026-03-12 03:59:13] [INFO   ] ============================================================
[2026-03-12 03:59:13] [INFO   ] Health Check #12
[2026-03-12 03:59:13] [INFO   ] ============================================================
[2026-03-12 03:59:13] [OK     ] Containers: all 5 running
[2026-03-12 03:59:13] [OK     ] API health: healthy (db=ok, redis=ok)
[2026-03-12 03:59:13] [OK     ] Frontend: serving (200)
[2026-03-12 03:59:13] [OK     ] API endpoints: all responding
[2026-03-12 03:59:13] [OK     ] Container logs: clean (no critical errors)
[2026-03-12 03:59:13] [OK     ] Disk space: OK
[2026-03-12 03:59:13] [OK     ] Active crawls: none stuck
[2026-03-12 03:59:13] [INFO   ] Status: HEALTHY  |  Checks: 12  |  Fixes applied: 0
[2026-03-12 03:59:13] [INFO   ] 
[2026-03-12 04:04:15] [INFO   ] ============================================================
[2026-03-12 04:04:15] [INFO   ] Health Check #13
[2026-03-12 04:04:15] [INFO   ] ============================================================
[2026-03-12 04:04:15] [OK     ] Containers: all 5 running
[2026-03-12 04:04:15] [OK     ] API health: healthy (db=ok, redis=ok)
[2026-03-12 04:04:15] [OK     ] Frontend: serving (200)
[2026-03-12 04:04:15] [OK     ] API endpoints: all responding
[2026-03-12 04:04:15] [OK     ] Container logs: clean (no critical errors)
[2026-03-12 04:04:15] [OK     ] Disk space: OK
[2026-03-12 04:04:15] [OK     ] Active crawls: none stuck
[2026-03-12 04:04:15] [INFO   ] Status: HEALTHY  |  Checks: 13  |  Fixes applied: 0
[2026-03-12 04:04:15] [INFO   ] 
[2026-03-12 04:09:17] [INFO   ] ============================================================
[2026-03-12 04:09:17] [INFO   ] Health Check #14
[2026-03-12 04:09:17] [INFO   ] ============================================================
[2026-03-12 04:09:17] [OK     ] Containers: all 5 running
[2026-03-12 04:09:17] [OK     ] API health: healthy (db=ok, redis=ok)
[2026-03-12 04:09:17] [OK     ] Frontend: serving (200)
[2026-03-12 04:09:17] [OK     ] API endpoints: all responding
[2026-03-12 04:09:18] [OK     ] Container logs: clean (no critical errors)
[2026-03-12 04:09:18] [OK     ] Disk space: OK
[2026-03-12 04:09:18] [OK     ] Active crawls: none stuck
[2026-03-12 04:09:18] [INFO   ] Status: HEALTHY  |  Checks: 14  |  Fixes applied: 0
[2026-03-12 04:09:18] [INFO   ] 
[2026-03-12 04:14:20] [INFO   ] ============================================================
[2026-03-12 04:14:20] [INFO   ] Health Check #15
[2026-03-12 04:14:20] [INFO   ] ============================================================
[2026-03-12 04:14:20] [OK     ] Containers: all 5 running
[2026-03-12 04:14:20] [OK     ] API health: healthy (db=ok, redis=ok)
[2026-03-12 04:14:20] [OK     ] Frontend: serving (200)
[2026-03-12 04:14:20] [OK     ] API endpoints: all responding
[2026-03-12 04:14:20] [OK     ] Container logs: clean (no critical errors)
[2026-03-12 04:14:20] [OK     ] Disk space: OK
[2026-03-12 04:14:20] [OK     ] Active crawls: none stuck
[2026-03-12 04:14:20] [INFO   ] Status: HEALTHY  |  Checks: 15  |  Fixes applied: 0
[2026-03-12 04:14:20] [INFO   ] 
[2026-03-12 04:19:22] [INFO   ] ============================================================
[2026-03-12 04:19:22] [INFO   ] Health Check #16
[2026-03-12 04:19:22] [INFO   ] ============================================================
[2026-03-12 04:19:22] [OK     ] Containers: all 5 running
[2026-03-12 04:19:22] [OK     ] API health: healthy (db=ok, redis=ok)
[2026-03-12 04:19:22] [OK     ] Frontend: serving (200)
[2026-03-12 04:19:22] [OK     ] API endpoints: all responding
[2026-03-12 04:19:22] [OK     ] Container logs: clean (no critical errors)
[2026-03-12 04:19:22] [OK     ] Disk space: OK
[2026-03-12 04:19:22] [OK     ] Active crawls: none stuck
[2026-03-12 04:19:22] [INFO   ] Status: HEALTHY  |  Checks: 16  |  Fixes applied: 0
[2026-03-12 04:19:22] [INFO   ] 
[2026-03-12 04:24:24] [INFO   ] ============================================================
[2026-03-12 04:24:24] [INFO   ] Health Check #17
[2026-03-12 04:24:24] [INFO   ] ============================================================
[2026-03-12 04:24:24] [OK     ] Containers: all 5 running
[2026-03-12 04:24:24] [OK     ] API health: healthy (db=ok, redis=ok)
[2026-03-12 04:24:24] [OK     ] Frontend: serving (200)
[2026-03-12 04:24:24] [OK     ] API endpoints: all responding
[2026-03-12 04:24:24] [OK     ] Container logs: clean (no critical errors)
[2026-03-12 04:24:24] [OK     ] Disk space: OK
[2026-03-12 04:24:24] [OK     ] Active crawls: none stuck
[2026-03-12 04:24:24] [INFO   ] Status: HEALTHY  |  Checks: 17  |  Fixes applied: 0
[2026-03-12 04:24:24] [INFO   ] 
[2026-03-12 04:29:26] [INFO   ] ============================================================
[2026-03-12 04:29:26] [INFO   ] Health Check #18
[2026-03-12 04:29:26] [INFO   ] ============================================================
[2026-03-12 04:29:26] [OK     ] Containers: all 5 running
[2026-03-12 04:29:26] [OK     ] API health: healthy (db=ok, redis=ok)
[2026-03-12 04:29:26] [OK     ] Frontend: serving (200)
[2026-03-12 04:29:26] [OK     ] API endpoints: all responding
[2026-03-12 04:29:27] [OK     ] Container logs: clean (no critical errors)
[2026-03-12 04:29:27] [OK     ] Disk space: OK
[2026-03-12 04:29:27] [OK     ] Active crawls: none stuck
[2026-03-12 04:29:27] [INFO   ] Status: HEALTHY  |  Checks: 18  |  Fixes applied: 0
[2026-03-12 04:29:27] [INFO   ] 
[2026-03-12 04:34:29] [INFO   ] ============================================================
[2026-03-12 04:34:29] [INFO   ] Health Check #19
[2026-03-12 04:34:29] [INFO   ] ============================================================
[2026-03-12 04:34:29] [OK     ] Containers: all 5 running
[2026-03-12 04:34:29] [OK     ] API health: healthy (db=ok, redis=ok)
[2026-03-12 04:34:29] [OK     ] Frontend: serving (200)
[2026-03-12 04:34:29] [OK     ] API endpoints: all responding
[2026-03-12 04:34:29] [OK     ] Container logs: clean (no critical errors)
[2026-03-12 04:34:29] [OK     ] Disk space: OK
[2026-03-12 04:34:29] [OK     ] Active crawls: none stuck
[2026-03-12 04:34:29] [INFO   ] Status: HEALTHY  |  Checks: 19  |  Fixes applied: 0
[2026-03-12 04:34:29] [INFO   ] 
[2026-03-12 04:39:31] [INFO   ] ============================================================
[2026-03-12 04:39:31] [INFO   ] Health Check #20
[2026-03-12 04:39:31] [INFO   ] ============================================================
[2026-03-12 04:39:31] [OK     ] Containers: all 5 running
[2026-03-12 04:39:31] [OK     ] API health: healthy (db=ok, redis=ok)
[2026-03-12 04:39:31] [OK     ] Frontend: serving (200)
[2026-03-12 04:39:31] [OK     ] API endpoints: all responding
[2026-03-12 04:39:31] [OK     ] Container logs: clean (no critical errors)
[2026-03-12 04:39:31] [OK     ] Disk space: OK
[2026-03-12 04:39:31] [OK     ] Active crawls: none stuck
[2026-03-12 04:39:31] [INFO   ] Status: HEALTHY  |  Checks: 20  |  Fixes applied: 0
[2026-03-12 04:39:31] [INFO   ] 
[2026-03-12 04:44:33] [INFO   ] ============================================================
[2026-03-12 04:44:33] [INFO   ] Health Check #21
[2026-03-12 04:44:33] [INFO   ] ============================================================
[2026-03-12 04:44:33] [OK     ] Containers: all 5 running
[2026-03-12 04:44:33] [OK     ] API health: healthy (db=ok, redis=ok)
[2026-03-12 04:44:33] [OK     ] Frontend: serving (200)
[2026-03-12 04:44:33] [OK     ] API endpoints: all responding
[2026-03-12 04:44:33] [OK     ] Container logs: clean (no critical errors)
[2026-03-12 04:44:33] [OK     ] Disk space: OK
[2026-03-12 04:44:33] [OK     ] Active crawls: none stuck
[2026-03-12 04:44:33] [INFO   ] Status: HEALTHY  |  Checks: 21  |  Fixes applied: 0
[2026-03-12 04:44:33] [INFO   ] 
[2026-03-12 04:49:35] [INFO   ] ============================================================
[2026-03-12 04:49:35] [INFO   ] Health Check #22
[2026-03-12 04:49:35] [INFO   ] ============================================================
[2026-03-12 04:49:36] [OK     ] Containers: all 5 running
[2026-03-12 04:49:36] [OK     ] API health: healthy (db=ok, redis=ok)
[2026-03-12 04:49:36] [OK     ] Frontend: serving (200)
[2026-03-12 04:49:36] [OK     ] API endpoints: all responding
[2026-03-12 04:49:36] [OK     ] Container logs: clean (no critical errors)
[2026-03-12 04:49:36] [OK     ] Disk space: OK
[2026-03-12 04:49:36] [OK     ] Active crawls: none stuck
[2026-03-12 04:49:36] [INFO   ] Status: HEALTHY  |  Checks: 22  |  Fixes applied: 0
[2026-03-12 04:49:36] [INFO   ] 
[2026-03-12 04:54:37] [INFO   ] ============================================================
[2026-03-12 04:54:37] [INFO   ] Health Check #23
[2026-03-12 04:54:37] [INFO   ] ============================================================
[2026-03-12 04:54:38] [OK     ] Containers: all 5 running
[2026-03-12 04:54:38] [OK     ] API health: healthy (db=ok, redis=ok)
[2026-03-12 04:54:38] [OK     ] Frontend: serving (200)
[2026-03-12 04:54:38] [OK     ] API endpoints: all responding
[2026-03-12 04:54:38] [OK     ] Container logs: clean (no critical errors)
[2026-03-12 04:54:38] [OK     ] Disk space: OK
[2026-03-12 04:54:38] [OK     ] Active crawls: none stuck
[2026-03-12 04:54:38] [INFO   ] Status: HEALTHY  |  Checks: 23  |  Fixes applied: 0
[2026-03-12 04:54:38] [INFO   ] 
[2026-03-12 04:59:40] [INFO   ] ============================================================
[2026-03-12 04:59:40] [INFO   ] Health Check #24
[2026-03-12 04:59:40] [INFO   ] ============================================================
[2026-03-12 04:59:40] [OK     ] Containers: all 5 running
[2026-03-12 04:59:40] [OK     ] API health: healthy (db=ok, redis=ok)
[2026-03-12 04:59:40] [OK     ] Frontend: serving (200)
[2026-03-12 04:59:40] [OK     ] API endpoints: all responding
[2026-03-12 04:59:40] [OK     ] Container logs: clean (no critical errors)
[2026-03-12 04:59:40] [OK     ] Disk space: OK
[2026-03-12 04:59:40] [OK     ] Active crawls: none stuck
[2026-03-12 04:59:40] [INFO   ] Status: HEALTHY  |  Checks: 24  |  Fixes applied: 0
[2026-03-12 04:59:40] [INFO   ] 
[2026-03-12 05:04:42] [INFO   ] ============================================================
[2026-03-12 05:04:42] [INFO   ] Health Check #25
[2026-03-12 05:04:42] [INFO   ] ============================================================
[2026-03-12 05:04:42] [OK     ] Containers: all 5 running
[2026-03-12 05:04:42] [OK     ] API health: healthy (db=ok, redis=ok)
[2026-03-12 05:04:42] [OK     ] Frontend: serving (200)
[2026-03-12 05:04:42] [OK     ] API endpoints: all responding
[2026-03-12 05:04:42] [OK     ] Container logs: clean (no critical errors)
[2026-03-12 05:04:42] [OK     ] Disk space: OK
[2026-03-12 05:04:42] [OK     ] Active crawls: none stuck
[2026-03-12 05:04:42] [INFO   ] Status: HEALTHY  |  Checks: 25  |  Fixes applied: 0
[2026-03-12 05:04:42] [INFO   ] 
[2026-03-12 05:09:44] [INFO   ] ============================================================
[2026-03-12 05:09:44] [INFO   ] Health Check #26
[2026-03-12 05:09:44] [INFO   ] ============================================================
[2026-03-12 05:09:44] [OK     ] Containers: all 5 running
[2026-03-12 05:09:44] [OK     ] API health: healthy (db=ok, redis=ok)
[2026-03-12 05:09:44] [OK     ] Frontend: serving (200)
[2026-03-12 05:09:45] [OK     ] API endpoints: all responding
[2026-03-12 05:09:45] [OK     ] Container logs: clean (no critical errors)
[2026-03-12 05:09:45] [OK     ] Disk space: OK
[2026-03-12 05:09:45] [OK     ] Active crawls: none stuck
[2026-03-12 05:09:45] [INFO   ] Status: HEALTHY  |  Checks: 26  |  Fixes applied: 0
[2026-03-12 05:09:45] [INFO   ] 
[2026-03-12 05:14:47] [INFO   ] ============================================================
[2026-03-12 05:14:47] [INFO   ] Health Check #27
[2026-03-12 05:14:47] [INFO   ] ============================================================
[2026-03-12 05:14:47] [OK     ] Containers: all 5 running
[2026-03-12 05:14:47] [OK     ] API health: healthy (db=ok, redis=ok)
[2026-03-12 05:14:47] [OK     ] Frontend: serving (200)
[2026-03-12 05:14:47] [OK     ] API endpoints: all responding
[2026-03-12 05:14:47] [OK     ] Container logs: clean (no critical errors)
[2026-03-12 05:14:47] [OK     ] Disk space: OK
[2026-03-12 05:14:47] [OK     ] Active crawls: none stuck
[2026-03-12 05:14:47] [INFO   ] Status: HEALTHY  |  Checks: 27  |  Fixes applied: 0
[2026-03-12 05:14:47] [INFO   ] 
[2026-03-12 05:19:49] [INFO   ] ============================================================
[2026-03-12 05:19:49] [INFO   ] Health Check #28
[2026-03-12 05:19:49] [INFO   ] ============================================================
[2026-03-12 05:19:49] [OK     ] Containers: all 5 running
[2026-03-12 05:19:49] [OK     ] API health: healthy (db=ok, redis=ok)
[2026-03-12 05:19:49] [OK     ] Frontend: serving (200)
[2026-03-12 05:19:49] [OK     ] API endpoints: all responding
[2026-03-12 05:19:49] [OK     ] Container logs: clean (no critical errors)
[2026-03-12 05:19:49] [OK     ] Disk space: OK
[2026-03-12 05:19:49] [OK     ] Active crawls: none stuck
[2026-03-12 05:19:49] [INFO   ] Status: HEALTHY  |  Checks: 28  |  Fixes applied: 0
[2026-03-12 05:19:49] [INFO   ] 
[2026-03-12 05:24:51] [INFO   ] ============================================================
[2026-03-12 05:24:51] [INFO   ] Health Check #29
[2026-03-12 05:24:51] [INFO   ] ============================================================
[2026-03-12 05:24:51] [OK     ] Containers: all 5 running
[2026-03-12 05:24:51] [OK     ] API health: healthy (db=ok, redis=ok)
[2026-03-12 05:24:51] [OK     ] Frontend: serving (200)
[2026-03-12 05:24:51] [OK     ] API endpoints: all responding
[2026-03-12 05:24:51] [OK     ] Container logs: clean (no critical errors)
[2026-03-12 05:24:51] [OK     ] Disk space: OK
[2026-03-12 05:24:51] [OK     ] Active crawls: none stuck
[2026-03-12 05:24:51] [INFO   ] Status: HEALTHY  |  Checks: 29  |  Fixes applied: 0
[2026-03-12 05:24:51] [INFO   ] 
[2026-03-12 05:29:53] [INFO   ] ============================================================
[2026-03-12 05:29:53] [INFO   ] Health Check #30
[2026-03-12 05:29:53] [INFO   ] ============================================================
[2026-03-12 05:29:53] [OK     ] Containers: all 5 running
[2026-03-12 05:29:53] [OK     ] API health: healthy (db=ok, redis=ok)
[2026-03-12 05:29:53] [OK     ] Frontend: serving (200)
[2026-03-12 05:29:53] [OK     ] API endpoints: all responding
[2026-03-12 05:29:53] [OK     ] Container logs: clean (no critical errors)
[2026-03-12 05:29:53] [OK     ] Disk space: OK
[2026-03-12 05:29:53] [OK     ] Active crawls: none stuck
[2026-03-12 05:29:53] [INFO   ] Status: HEALTHY  |  Checks: 30  |  Fixes applied: 0
[2026-03-12 05:29:53] [INFO   ] 
[2026-03-12 05:34:55] [INFO   ] ============================================================
[2026-03-12 05:34:55] [INFO   ] Health Check #31
[2026-03-12 05:34:55] [INFO   ] ============================================================
[2026-03-12 05:34:55] [OK     ] Containers: all 5 running
[2026-03-12 05:34:55] [OK     ] API health: healthy (db=ok, redis=ok)
[2026-03-12 05:34:56] [OK     ] Frontend: serving (200)
[2026-03-12 05:34:56] [OK     ] API endpoints: all responding
[2026-03-12 05:34:56] [OK     ] Container logs: clean (no critical errors)
[2026-03-12 05:34:56] [OK     ] Disk space: OK
[2026-03-12 05:34:56] [OK     ] Active crawls: none stuck
[2026-03-12 05:34:56] [INFO   ] Status: HEALTHY  |  Checks: 31  |  Fixes applied: 0
[2026-03-12 05:34:56] [INFO   ] 
[2026-03-12 05:39:58] [INFO   ] ============================================================
[2026-03-12 05:39:58] [INFO   ] Health Check #32
[2026-03-12 05:39:58] [INFO   ] ============================================================
[2026-03-12 05:39:58] [OK     ] Containers: all 5 running
[2026-03-12 05:39:58] [OK     ] API health: healthy (db=ok, redis=ok)
[2026-03-12 05:39:58] [OK     ] Frontend: serving (200)
[2026-03-12 05:39:58] [OK     ] API endpoints: all responding
[2026-03-12 05:39:58] [OK     ] Container logs: clean (no critical errors)
[2026-03-12 05:39:58] [OK     ] Disk space: OK
[2026-03-12 05:39:58] [OK     ] Active crawls: none stuck
[2026-03-12 05:39:58] [INFO   ] Status: HEALTHY  |  Checks: 32  |  Fixes applied: 0
[2026-03-12 05:39:58] [INFO   ] 
[2026-03-12 05:45:00] [INFO   ] ============================================================
[2026-03-12 05:45:00] [INFO   ] Health Check #33
[2026-03-12 05:45:00] [INFO   ] ============================================================
[2026-03-12 05:45:00] [OK     ] Containers: all 5 running
[2026-03-12 05:45:00] [OK     ] API health: healthy (db=ok, redis=ok)
[2026-03-12 05:45:00] [OK     ] Frontend: serving (200)
[2026-03-12 05:45:00] [OK     ] API endpoints: all responding
[2026-03-12 05:45:00] [OK     ] Container logs: clean (no critical errors)
[2026-03-12 05:45:00] [OK     ] Disk space: OK
[2026-03-12 05:45:00] [OK     ] Active crawls: none stuck
[2026-03-12 05:45:00] [INFO   ] Status: HEALTHY  |  Checks: 33  |  Fixes applied: 0
[2026-03-12 05:45:00] [INFO   ] 
[2026-03-12 05:50:02] [INFO   ] ============================================================
[2026-03-12 05:50:02] [INFO   ] Health Check #34
[2026-03-12 05:50:02] [INFO   ] ============================================================
[2026-03-12 05:50:02] [OK     ] Containers: all 5 running
[2026-03-12 05:50:02] [OK     ] API health: healthy (db=ok, redis=ok)
[2026-03-12 05:50:02] [OK     ] Frontend: serving (200)
[2026-03-12 05:50:02] [OK     ] API endpoints: all responding
[2026-03-12 05:50:02] [OK     ] Container logs: clean (no critical errors)
[2026-03-12 05:50:02] [OK     ] Disk space: OK
[2026-03-12 05:50:02] [OK     ] Active crawls: none stuck
[2026-03-12 05:50:02] [INFO   ] Status: HEALTHY  |  Checks: 34  |  Fixes applied: 0
[2026-03-12 05:50:02] [INFO   ] 
[2026-03-12 05:55:04] [INFO   ] ============================================================
[2026-03-12 05:55:04] [INFO   ] Health Check #35
[2026-03-12 05:55:04] [INFO   ] ============================================================
[2026-03-12 05:55:05] [OK     ] Containers: all 5 running
[2026-03-12 05:55:05] [OK     ] API health: healthy (db=ok, redis=ok)
[2026-03-12 05:55:05] [OK     ] Frontend: serving (200)
[2026-03-12 05:55:05] [OK     ] API endpoints: all responding
[2026-03-12 05:55:05] [OK     ] Container logs: clean (no critical errors)
[2026-03-12 05:55:05] [OK     ] Disk space: OK
[2026-03-12 05:55:05] [OK     ] Active crawls: none stuck
[2026-03-12 05:55:05] [INFO   ] Status: HEALTHY  |  Checks: 35  |  Fixes applied: 0
[2026-03-12 05:55:05] [INFO   ] 
[2026-03-12 06:00:07] [INFO   ] ============================================================
[2026-03-12 06:00:07] [INFO   ] Health Check #36
[2026-03-12 06:00:07] [INFO   ] ============================================================
[2026-03-12 06:00:07] [OK     ] Containers: all 5 running
[2026-03-12 06:00:07] [OK     ] API health: healthy (db=ok, redis=ok)
[2026-03-12 06:00:07] [OK     ] Frontend: serving (200)
[2026-03-12 06:00:07] [OK     ] API endpoints: all responding
[2026-03-12 06:00:07] [OK     ] Container logs: clean (no critical errors)
[2026-03-12 06:00:07] [OK     ] Disk space: OK
[2026-03-12 06:00:07] [OK     ] Active crawls: none stuck
[2026-03-12 06:00:07] [INFO   ] Status: HEALTHY  |  Checks: 36  |  Fixes applied: 0
[2026-03-12 06:00:07] [INFO   ] 
[2026-03-12 06:05:09] [INFO   ] ============================================================
[2026-03-12 06:05:09] [INFO   ] Health Check #37
[2026-03-12 06:05:09] [INFO   ] ============================================================
[2026-03-12 06:05:09] [OK     ] Containers: all 5 running
[2026-03-12 06:05:09] [OK     ] API health: healthy (db=ok, redis=ok)
[2026-03-12 06:05:09] [OK     ] Frontend: serving (200)
[2026-03-12 06:05:09] [OK     ] API endpoints: all responding
[2026-03-12 06:05:09] [OK     ] Container logs: clean (no critical errors)
[2026-03-12 06:05:09] [OK     ] Disk space: OK
[2026-03-12 06:05:09] [OK     ] Active crawls: none stuck
[2026-03-12 06:05:09] [INFO   ] Status: HEALTHY  |  Checks: 37  |  Fixes applied: 0
[2026-03-12 06:05:09] [INFO   ] 
[2026-03-12 06:10:11] [INFO   ] ============================================================
[2026-03-12 06:10:11] [INFO   ] Health Check #38
[2026-03-12 06:10:11] [INFO   ] ============================================================
[2026-03-12 06:10:11] [OK     ] Containers: all 5 running
[2026-03-12 06:10:11] [OK     ] API health: healthy (db=ok, redis=ok)
[2026-03-12 06:10:11] [OK     ] Frontend: serving (200)
[2026-03-12 06:10:11] [OK     ] API endpoints: all responding
[2026-03-12 06:10:12] [OK     ] Container logs: clean (no critical errors)
[2026-03-12 06:10:12] [OK     ] Disk space: OK
[2026-03-12 06:10:12] [OK     ] Active crawls: none stuck
[2026-03-12 06:10:12] [INFO   ] Status: HEALTHY  |  Checks: 38  |  Fixes applied: 0
[2026-03-12 06:10:12] [INFO   ] 
[2026-03-12 06:15:13] [INFO   ] ============================================================
[2026-03-12 06:15:13] [INFO   ] Health Check #39
[2026-03-12 06:15:13] [INFO   ] ============================================================
[2026-03-12 06:15:14] [OK     ] Containers: all 5 running
[2026-03-12 06:15:14] [OK     ] API health: healthy (db=ok, redis=ok)
[2026-03-12 06:15:14] [OK     ] Frontend: serving (200)
[2026-03-12 06:15:14] [OK     ] API endpoints: all responding
[2026-03-12 06:15:14] [OK     ] Container logs: clean (no critical errors)
[2026-03-12 06:15:14] [OK     ] Disk space: OK
[2026-03-12 06:15:14] [OK     ] Active crawls: none stuck
[2026-03-12 06:15:14] [INFO   ] Status: HEALTHY  |  Checks: 39  |  Fixes applied: 0
[2026-03-12 06:15:14] [INFO   ] 
[2026-03-12 06:20:16] [INFO   ] ============================================================
[2026-03-12 06:20:16] [INFO   ] Health Check #40
[2026-03-12 06:20:16] [INFO   ] ============================================================
[2026-03-12 06:20:16] [OK     ] Containers: all 5 running
[2026-03-12 06:20:16] [OK     ] API health: healthy (db=ok, redis=ok)
[2026-03-12 06:20:16] [OK     ] Frontend: serving (200)
[2026-03-12 06:20:16] [OK     ] API endpoints: all responding
[2026-03-12 06:20:16] [OK     ] Container logs: clean (no critical errors)
[2026-03-12 06:20:16] [OK     ] Disk space: OK
[2026-03-12 06:20:16] [OK     ] Active crawls: none stuck
[2026-03-12 06:20:16] [INFO   ] Status: HEALTHY  |  Checks: 40  |  Fixes applied: 0
[2026-03-12 06:20:16] [INFO   ] 
[2026-03-12 06:25:18] [INFO   ] ============================================================
[2026-03-12 06:25:18] [INFO   ] Health Check #41
[2026-03-12 06:25:18] [INFO   ] ============================================================
[2026-03-12 06:25:18] [OK     ] Containers: all 5 running
[2026-03-12 06:25:18] [OK     ] API health: healthy (db=ok, redis=ok)
[2026-03-12 06:25:18] [OK     ] Frontend: serving (200)
[2026-03-12 06:25:18] [OK     ] API endpoints: all responding
[2026-03-12 06:25:18] [OK     ] Container logs: clean (no critical errors)
[2026-03-12 06:25:18] [OK     ] Disk space: OK
[2026-03-12 06:25:18] [OK     ] Active crawls: none stuck
[2026-03-12 06:25:18] [INFO   ] Status: HEALTHY  |  Checks: 41  |  Fixes applied: 0
[2026-03-12 06:25:18] [INFO   ] 
[2026-03-12 06:30:20] [INFO   ] ============================================================
[2026-03-12 06:30:20] [INFO   ] Health Check #42
[2026-03-12 06:30:20] [INFO   ] ============================================================
[2026-03-12 06:30:20] [OK     ] Containers: all 5 running
[2026-03-12 06:30:20] [OK     ] API health: healthy (db=ok, redis=ok)
[2026-03-12 06:30:20] [OK     ] Frontend: serving (200)
[2026-03-12 06:30:21] [OK     ] API endpoints: all responding
[2026-03-12 06:30:21] [OK     ] Container logs: clean (no critical errors)
[2026-03-12 06:30:21] [OK     ] Disk space: OK
[2026-03-12 06:30:21] [OK     ] Active crawls: none stuck
[2026-03-12 06:30:21] [INFO   ] Status: HEALTHY  |  Checks: 42  |  Fixes applied: 0
[2026-03-12 06:30:21] [INFO   ] 
[2026-03-12 06:35:22] [INFO   ] ============================================================
[2026-03-12 06:35:22] [INFO   ] Health Check #43
[2026-03-12 06:35:23] [INFO   ] ============================================================
[2026-03-12 06:35:23] [OK     ] Containers: all 5 running
[2026-03-12 06:35:23] [OK     ] API health: healthy (db=ok, redis=ok)
[2026-03-12 06:35:23] [OK     ] Frontend: serving (200)
[2026-03-12 06:35:23] [OK     ] API endpoints: all responding
[2026-03-12 06:35:23] [OK     ] Container logs: clean (no critical errors)
[2026-03-12 06:35:23] [OK     ] Disk space: OK
[2026-03-12 06:35:23] [OK     ] Active crawls: none stuck
[2026-03-12 06:35:23] [INFO   ] Status: HEALTHY  |  Checks: 43  |  Fixes applied: 0
[2026-03-12 06:35:23] [INFO   ] 
[2026-03-12 06:40:25] [INFO   ] ============================================================
[2026-03-12 06:40:25] [INFO   ] Health Check #44
[2026-03-12 06:40:25] [INFO   ] ============================================================
[2026-03-12 06:40:25] [OK     ] Containers: all 5 running
[2026-03-12 06:40:25] [OK     ] API health: healthy (db=ok, redis=ok)
[2026-03-12 06:40:25] [OK     ] Frontend: serving (200)
[2026-03-12 06:40:25] [OK     ] API endpoints: all responding
[2026-03-12 06:40:25] [OK     ] Container logs: clean (no critical errors)
[2026-03-12 06:40:25] [OK     ] Disk space: OK
[2026-03-12 06:40:25] [OK     ] Active crawls: none stuck
[2026-03-12 06:40:25] [INFO   ] Status: HEALTHY  |  Checks: 44  |  Fixes applied: 0
[2026-03-12 06:40:25] [INFO   ] 
[2026-03-12 06:45:27] [INFO   ] ============================================================
[2026-03-12 06:45:27] [INFO   ] Health Check #45
[2026-03-12 06:45:27] [INFO   ] ============================================================
[2026-03-12 06:45:27] [OK     ] Containers: all 5 running
[2026-03-12 06:45:27] [OK     ] API health: healthy (db=ok, redis=ok)
[2026-03-12 06:45:27] [OK     ] Frontend: serving (200)
[2026-03-12 06:45:27] [OK     ] API endpoints: all responding
[2026-03-12 06:45:27] [OK     ] Container logs: clean (no critical errors)
[2026-03-12 06:45:27] [OK     ] Disk space: OK
[2026-03-12 06:45:27] [OK     ] Active crawls: none stuck
[2026-03-12 06:45:27] [INFO   ] Status: HEALTHY  |  Checks: 45  |  Fixes applied: 0
[2026-03-12 06:45:27] [INFO   ] 
[2026-03-12 06:50:29] [INFO   ] ============================================================
[2026-03-12 06:50:29] [INFO   ] Health Check #46
[2026-03-12 06:50:29] [INFO   ] ============================================================
[2026-03-12 06:50:29] [OK     ] Containers: all 5 running
[2026-03-12 06:50:29] [OK     ] API health: healthy (db=ok, redis=ok)
[2026-03-12 06:50:29] [OK     ] Frontend: serving (200)
[2026-03-12 06:50:29] [OK     ] API endpoints: all responding
[2026-03-12 06:50:30] [OK     ] Container logs: clean (no critical errors)
[2026-03-12 06:50:30] [OK     ] Disk space: OK
[2026-03-12 06:50:30] [OK     ] Active crawls: none stuck
[2026-03-12 06:50:30] [INFO   ] Status: HEALTHY  |  Checks: 46  |  Fixes applied: 0
[2026-03-12 06:50:30] [INFO   ] 
[2026-03-12 06:55:32] [INFO   ] ============================================================
[2026-03-12 06:55:32] [INFO   ] Health Check #47
[2026-03-12 06:55:32] [INFO   ] ============================================================
[2026-03-12 06:55:32] [OK     ] Containers: all 5 running
[2026-03-12 06:55:32] [OK     ] API health: healthy (db=ok, redis=ok)
[2026-03-12 06:55:32] [OK     ] Frontend: serving (200)
[2026-03-12 06:55:32] [OK     ] API endpoints: all responding
[2026-03-12 06:55:32] [OK     ] Container logs: clean (no critical errors)
[2026-03-12 06:55:32] [OK     ] Disk space: OK
[2026-03-12 06:55:32] [OK     ] Active crawls: none stuck
[2026-03-12 06:55:32] [INFO   ] Status: HEALTHY  |  Checks: 47  |  Fixes applied: 0
[2026-03-12 06:55:32] [INFO   ] 
[2026-03-12 07:00:34] [INFO   ] ============================================================
[2026-03-12 07:00:34] [INFO   ] Health Check #48
[2026-03-12 07:00:34] [INFO   ] ============================================================
[2026-03-12 07:00:34] [OK     ] Containers: all 5 running
[2026-03-12 07:00:34] [OK     ] API health: healthy (db=ok, redis=ok)
[2026-03-12 07:00:34] [OK     ] Frontend: serving (200)
[2026-03-12 07:00:34] [OK     ] API endpoints: all responding
[2026-03-12 07:00:34] [OK     ] Container logs: clean (no critical errors)
[2026-03-12 07:00:34] [OK     ] Disk space: OK
[2026-03-12 07:00:34] [OK     ] Active crawls: none stuck
[2026-03-12 07:00:34] [INFO   ] Status: HEALTHY  |  Checks: 48  |  Fixes applied: 0
[2026-03-12 07:00:34] [INFO   ] 
[2026-03-12 07:05:36] [INFO   ] ============================================================
[2026-03-12 07:05:36] [INFO   ] Health Check #49
[2026-03-12 07:05:36] [INFO   ] ============================================================
[2026-03-12 07:05:36] [OK     ] Containers: all 5 running
[2026-03-12 07:05:36] [OK     ] API health: healthy (db=ok, redis=ok)
[2026-03-12 07:05:36] [OK     ] Frontend: serving (200)
[2026-03-12 07:05:36] [OK     ] API endpoints: all responding
[2026-03-12 07:05:37] [OK     ] Container logs: clean (no critical errors)
[2026-03-12 07:05:37] [OK     ] Disk space: OK
[2026-03-12 07:05:37] [OK     ] Active crawls: none stuck
[2026-03-12 07:05:37] [INFO   ] Status: HEALTHY  |  Checks: 49  |  Fixes applied: 0
[2026-03-12 07:05:37] [INFO   ] 
[2026-03-12 07:10:38] [INFO   ] ============================================================
[2026-03-12 07:10:38] [INFO   ] Health Check #50
[2026-03-12 07:10:38] [INFO   ] ============================================================
[2026-03-12 07:10:39] [OK     ] Containers: all 5 running
[2026-03-12 07:10:39] [OK     ] API health: healthy (db=ok, redis=ok)
[2026-03-12 07:10:39] [OK     ] Frontend: serving (200)
[2026-03-12 07:10:39] [OK     ] API endpoints: all responding
[2026-03-12 07:10:39] [OK     ] Container logs: clean (no critical errors)
[2026-03-12 07:10:39] [OK     ] Disk space: OK
[2026-03-12 07:10:39] [OK     ] Active crawls: none stuck
[2026-03-12 07:10:39] [INFO   ] Status: HEALTHY  |  Checks: 50  |  Fixes applied: 0
[2026-03-12 07:10:39] [INFO   ] 
[2026-03-12 07:15:41] [INFO   ] ============================================================
[2026-03-12 07:15:41] [INFO   ] Health Check #51
[2026-03-12 07:15:41] [INFO   ] ============================================================
[2026-03-12 07:15:41] [OK     ] Containers: all 5 running
[2026-03-12 07:15:41] [OK     ] API health: healthy (db=ok, redis=ok)
[2026-03-12 07:15:41] [OK     ] Frontend: serving (200)
[2026-03-12 07:15:41] [OK     ] API endpoints: all responding
[2026-03-12 07:15:41] [OK     ] Container logs: clean (no critical errors)
[2026-03-12 07:15:41] [OK     ] Disk space: OK
[2026-03-12 07:15:41] [OK     ] Active crawls: none stuck
[2026-03-12 07:15:41] [INFO   ] Status: HEALTHY  |  Checks: 51  |  Fixes applied: 0
[2026-03-12 07:15:41] [INFO   ] 
[2026-03-12 07:20:43] [INFO   ] ============================================================
[2026-03-12 07:20:43] [INFO   ] Health Check #52
[2026-03-12 07:20:43] [INFO   ] ============================================================
[2026-03-12 07:20:43] [OK     ] Containers: all 5 running
[2026-03-12 07:20:43] [OK     ] API health: healthy (db=ok, redis=ok)
[2026-03-12 07:20:43] [OK     ] Frontend: serving (200)
[2026-03-12 07:20:43] [OK     ] API endpoints: all responding
[2026-03-12 07:20:43] [OK     ] Container logs: clean (no critical errors)
[2026-03-12 07:20:43] [OK     ] Disk space: OK
[2026-03-12 07:20:43] [OK     ] Active crawls: none stuck
[2026-03-12 07:20:43] [INFO   ] Status: HEALTHY  |  Checks: 52  |  Fixes applied: 0
[2026-03-12 07:20:43] [INFO   ] 
[2026-03-12 07:25:45] [INFO   ] ============================================================
[2026-03-12 07:25:45] [INFO   ] Health Check #53
[2026-03-12 07:25:45] [INFO   ] ============================================================
[2026-03-12 07:25:45] [OK     ] Containers: all 5 running
[2026-03-12 07:25:45] [OK     ] API health: healthy (db=ok, redis=ok)
[2026-03-12 07:25:45] [OK     ] Frontend: serving (200)
[2026-03-12 07:25:45] [OK     ] API endpoints: all responding
[2026-03-12 07:25:45] [OK     ] Container logs: clean (no critical errors)
[2026-03-12 07:25:45] [OK     ] Disk space: OK
[2026-03-12 07:25:45] [OK     ] Active crawls: none stuck
[2026-03-12 07:25:45] [INFO   ] Status: HEALTHY  |  Checks: 53  |  Fixes applied: 0
[2026-03-12 07:25:45] [INFO   ] 
[2026-03-12 07:30:47] [INFO   ] ============================================================
[2026-03-12 07:30:47] [INFO   ] Health Check #54
[2026-03-12 07:30:47] [INFO   ] ============================================================
[2026-03-12 07:30:47] [OK     ] Containers: all 5 running
[2026-03-12 07:30:47] [OK     ] API health: healthy (db=ok, redis=ok)
[2026-03-12 07:30:47] [OK     ] Frontend: serving (200)
[2026-03-12 07:30:47] [OK     ] API endpoints: all responding
[2026-03-12 07:30:48] [OK     ] Container logs: clean (no critical errors)
[2026-03-12 07:30:48] [OK     ] Disk space: OK
[2026-03-12 07:30:48] [OK     ] Active crawls: none stuck
[2026-03-12 07:30:48] [INFO   ] Status: HEALTHY  |  Checks: 54  |  Fixes applied: 0
[2026-03-12 07:30:48] [INFO   ] 
[2026-03-12 07:35:49] [INFO   ] ============================================================
[2026-03-12 07:35:49] [INFO   ] Health Check #55
[2026-03-12 07:35:49] [INFO   ] ============================================================
[2026-03-12 07:35:50] [OK     ] Containers: all 5 running
[2026-03-12 07:35:50] [OK     ] API health: healthy (db=ok, redis=ok)
[2026-03-12 07:35:50] [OK     ] Frontend: serving (200)
[2026-03-12 07:35:50] [OK     ] API endpoints: all responding
[2026-03-12 07:35:50] [OK     ] Container logs: clean (no critical errors)
[2026-03-12 07:35:50] [OK     ] Disk space: OK
[2026-03-12 07:35:50] [OK     ] Active crawls: none stuck
[2026-03-12 07:35:50] [INFO   ] Status: HEALTHY  |  Checks: 55  |  Fixes applied: 0
[2026-03-12 07:35:50] [INFO   ] 
[2026-03-12 07:40:52] [INFO   ] ============================================================
[2026-03-12 07:40:52] [INFO   ] Health Check #56
[2026-03-12 07:40:52] [INFO   ] ============================================================
[2026-03-12 07:40:52] [OK     ] Containers: all 5 running
[2026-03-12 07:40:52] [OK     ] API health: healthy (db=ok, redis=ok)
[2026-03-12 07:40:52] [OK     ] Frontend: serving (200)
[2026-03-12 07:40:52] [OK     ] API endpoints: all responding
[2026-03-12 07:40:52] [OK     ] Container logs: clean (no critical errors)
[2026-03-12 07:40:52] [OK     ] Disk space: OK
[2026-03-12 07:40:52] [OK     ] Active crawls: none stuck
[2026-03-12 07:40:52] [INFO   ] Status: HEALTHY  |  Checks: 56  |  Fixes applied: 0
[2026-03-12 07:40:52] [INFO   ] 
[2026-03-12 07:45:54] [INFO   ] ============================================================
[2026-03-12 07:45:54] [INFO   ] Health Check #57
[2026-03-12 07:45:54] [INFO   ] ============================================================
[2026-03-12 07:45:54] [OK     ] Containers: all 5 running
[2026-03-12 07:45:54] [OK     ] API health: healthy (db=ok, redis=ok)
[2026-03-12 07:45:54] [OK     ] Frontend: serving (200)
[2026-03-12 07:45:54] [OK     ] API endpoints: all responding
[2026-03-12 07:45:54] [OK     ] Container logs: clean (no critical errors)
[2026-03-12 07:45:54] [OK     ] Disk space: OK
[2026-03-12 07:45:54] [OK     ] Active crawls: none stuck
[2026-03-12 07:45:54] [INFO   ] Status: HEALTHY  |  Checks: 57  |  Fixes applied: 0
[2026-03-12 07:45:54] [INFO   ] 
[2026-03-12 07:50:56] [INFO   ] ============================================================
[2026-03-12 07:50:56] [INFO   ] Health Check #58
[2026-03-12 07:50:56] [INFO   ] ============================================================
[2026-03-12 07:50:56] [OK     ] Containers: all 5 running
[2026-03-12 07:50:56] [OK     ] API health: healthy (db=ok, redis=ok)
[2026-03-12 07:50:56] [OK     ] Frontend: serving (200)
[2026-03-12 07:50:56] [OK     ] API endpoints: all responding
[2026-03-12 07:50:56] [OK     ] Container logs: clean (no critical errors)
[2026-03-12 07:50:56] [OK     ] Disk space: OK
[2026-03-12 07:50:56] [OK     ] Active crawls: none stuck
[2026-03-12 07:50:56] [INFO   ] Status: HEALTHY  |  Checks: 58  |  Fixes applied: 0
[2026-03-12 07:50:56] [INFO   ] 
[2026-03-12 07:55:58] [INFO   ] ============================================================
[2026-03-12 07:55:58] [INFO   ] Health Check #59
[2026-03-12 07:55:58] [INFO   ] ============================================================
[2026-03-12 07:55:58] [OK     ] Containers: all 5 running
[2026-03-12 07:55:58] [OK     ] API health: healthy (db=ok, redis=ok)
[2026-03-12 07:55:58] [OK     ] Frontend: serving (200)
[2026-03-12 07:55:58] [OK     ] API endpoints: all responding
[2026-03-12 07:55:59] [OK     ] Container logs: clean (no critical errors)
[2026-03-12 07:55:59] [OK     ] Disk space: OK
[2026-03-12 07:55:59] [OK     ] Active crawls: none stuck
[2026-03-12 07:55:59] [INFO   ] Status: HEALTHY  |  Checks: 59  |  Fixes applied: 0
[2026-03-12 07:55:59] [INFO   ] 
[2026-03-12 08:01:00] [INFO   ] ============================================================
[2026-03-12 08:01:00] [INFO   ] Health Check #60
[2026-03-12 08:01:00] [INFO   ] ============================================================
[2026-03-12 08:01:01] [OK     ] Containers: all 5 running
[2026-03-12 08:01:01] [OK     ] API health: healthy (db=ok, redis=ok)
[2026-03-12 08:01:01] [OK     ] Frontend: serving (200)
[2026-03-12 08:01:01] [OK     ] API endpoints: all responding
[2026-03-12 08:01:01] [OK     ] Container logs: clean (no critical errors)
[2026-03-12 08:01:01] [OK     ] Disk space: OK
[2026-03-12 08:01:01] [OK     ] Active crawls: none stuck
[2026-03-12 08:01:01] [INFO   ] Status: HEALTHY  |  Checks: 60  |  Fixes applied: 0
[2026-03-12 08:01:01] [INFO   ] 
[2026-03-12 08:06:03] [INFO   ] ============================================================
[2026-03-12 08:06:03] [INFO   ] Health Check #61
[2026-03-12 08:06:03] [INFO   ] ============================================================
[2026-03-12 08:06:03] [OK     ] Containers: all 5 running
[2026-03-12 08:06:03] [OK     ] API health: healthy (db=ok, redis=ok)
[2026-03-12 08:06:03] [OK     ] Frontend: serving (200)
[2026-03-12 08:06:03] [OK     ] API endpoints: all responding
[2026-03-12 08:06:03] [OK     ] Container logs: clean (no critical errors)
[2026-03-12 08:06:03] [OK     ] Disk space: OK
[2026-03-12 08:06:03] [OK     ] Active crawls: none stuck
[2026-03-12 08:06:03] [INFO   ] Status: HEALTHY  |  Checks: 61  |  Fixes applied: 0
[2026-03-12 08:06:03] [INFO   ] 
[2026-03-12 08:11:05] [INFO   ] ============================================================
[2026-03-12 08:11:05] [INFO   ] Health Check #62
[2026-03-12 08:11:05] [INFO   ] ============================================================
[2026-03-12 08:11:05] [OK     ] Containers: all 5 running
[2026-03-12 08:11:05] [OK     ] API health: healthy (db=ok, redis=ok)
[2026-03-12 08:11:05] [OK     ] Frontend: serving (200)
[2026-03-12 08:11:05] [OK     ] API endpoints: all responding
[2026-03-12 08:11:05] [OK     ] Container logs: clean (no critical errors)
[2026-03-12 08:11:05] [OK     ] Disk space: OK
[2026-03-12 08:11:05] [OK     ] Active crawls: none stuck
[2026-03-12 08:11:05] [INFO   ] Status: HEALTHY  |  Checks: 62  |  Fixes applied: 0
[2026-03-12 08:11:05] [INFO   ] 
[2026-03-12 08:16:07] [INFO   ] ============================================================
[2026-03-12 08:16:07] [INFO   ] Health Check #63
[2026-03-12 08:16:07] [INFO   ] ============================================================
[2026-03-12 08:16:07] [OK     ] Containers: all 5 running
[2026-03-12 08:16:07] [OK     ] API health: healthy (db=ok, redis=ok)
[2026-03-12 08:16:07] [OK     ] Frontend: serving (200)
[2026-03-12 08:16:07] [OK     ] API endpoints: all responding
[2026-03-12 08:16:07] [OK     ] Container logs: clean (no critical errors)
[2026-03-12 08:16:07] [OK     ] Disk space: OK
[2026-03-12 08:16:07] [OK     ] Active crawls: none stuck
[2026-03-12 08:16:07] [INFO   ] Status: HEALTHY  |  Checks: 63  |  Fixes applied: 0
[2026-03-12 08:16:07] [INFO   ] 
[2026-03-12 08:21:09] [INFO   ] ============================================================
[2026-03-12 08:21:09] [INFO   ] Health Check #64
[2026-03-12 08:21:09] [INFO   ] ============================================================
[2026-03-12 08:21:09] [OK     ] Containers: all 5 running
[2026-03-12 08:21:09] [OK     ] API health: healthy (db=ok, redis=ok)
[2026-03-12 08:21:09] [OK     ] Frontend: serving (200)
[2026-03-12 08:21:09] [OK     ] API endpoints: all responding
[2026-03-12 08:21:10] [OK     ] Container logs: clean (no critical errors)
[2026-03-12 08:21:10] [OK     ] Disk space: OK
[2026-03-12 08:21:10] [OK     ] Active crawls: none stuck
[2026-03-12 08:21:10] [INFO   ] Status: HEALTHY  |  Checks: 64  |  Fixes applied: 0
[2026-03-12 08:21:10] [INFO   ] 
[2026-03-12 08:26:12] [INFO   ] ============================================================
[2026-03-12 08:26:12] [INFO   ] Health Check #65
[2026-03-12 08:26:12] [INFO   ] ============================================================
[2026-03-12 08:26:12] [OK     ] Containers: all 5 running
[2026-03-12 08:26:12] [OK     ] API health: healthy (db=ok, redis=ok)
[2026-03-12 08:26:12] [OK     ] Frontend: serving (200)
[2026-03-12 08:26:12] [OK     ] API endpoints: all responding
[2026-03-12 08:26:12] [OK     ] Container logs: clean (no critical errors)
[2026-03-12 08:26:12] [OK     ] Disk space: OK
[2026-03-12 08:26:12] [OK     ] Active crawls: none stuck
[2026-03-12 08:26:12] [INFO   ] Status: HEALTHY  |  Checks: 65  |  Fixes applied: 0
[2026-03-12 08:26:12] [INFO   ] 
[2026-03-12 08:31:14] [INFO   ] ============================================================
[2026-03-12 08:31:14] [INFO   ] Health Check #66
[2026-03-12 08:31:14] [INFO   ] ============================================================
[2026-03-12 08:31:14] [OK     ] Containers: all 5 running
[2026-03-12 08:31:14] [OK     ] API health: healthy (db=ok, redis=ok)
[2026-03-12 08:31:14] [OK     ] Frontend: serving (200)
[2026-03-12 08:31:14] [OK     ] API endpoints: all responding
[2026-03-12 08:31:14] [OK     ] Container logs: clean (no critical errors)
[2026-03-12 08:31:14] [OK     ] Disk space: OK
[2026-03-12 08:31:14] [OK     ] Active crawls: none stuck
[2026-03-12 08:31:14] [INFO   ] Status: HEALTHY  |  Checks: 66  |  Fixes applied: 0
[2026-03-12 08:31:14] [INFO   ] 
[2026-03-12 08:36:16] [INFO   ] ============================================================
[2026-03-12 08:36:16] [INFO   ] Health Check #67
[2026-03-12 08:36:16] [INFO   ] ============================================================
[2026-03-12 08:36:16] [OK     ] Containers: all 5 running
[2026-03-12 08:36:16] [OK     ] API health: healthy (db=ok, redis=ok)
[2026-03-12 08:36:16] [OK     ] Frontend: serving (200)
[2026-03-12 08:36:16] [OK     ] API endpoints: all responding
[2026-03-12 08:36:16] [OK     ] Container logs: clean (no critical errors)
[2026-03-12 08:36:16] [OK     ] Disk space: OK
[2026-03-12 08:36:16] [OK     ] Active crawls: none stuck
[2026-03-12 08:36:16] [INFO   ] Status: HEALTHY  |  Checks: 67  |  Fixes applied: 0
[2026-03-12 08:36:16] [INFO   ] 
[2026-03-12 08:41:18] [INFO   ] ============================================================
[2026-03-12 08:41:18] [INFO   ] Health Check #68
[2026-03-12 08:41:18] [INFO   ] ============================================================
[2026-03-12 08:41:18] [OK     ] Containers: all 5 running
[2026-03-12 08:41:18] [OK     ] API health: healthy (db=ok, redis=ok)
[2026-03-12 08:41:18] [OK     ] Frontend: serving (200)
[2026-03-12 08:41:18] [OK     ] API endpoints: all responding
[2026-03-12 08:41:19] [OK     ] Container logs: clean (no critical errors)
[2026-03-12 08:41:19] [OK     ] Disk space: OK
[2026-03-12 08:41:19] [OK     ] Active crawls: none stuck
[2026-03-12 08:41:19] [INFO   ] Status: HEALTHY  |  Checks: 68  |  Fixes applied: 0
[2026-03-12 08:41:19] [INFO   ] 
[2026-03-12 08:46:21] [INFO   ] ============================================================
[2026-03-12 08:46:21] [INFO   ] Health Check #69
[2026-03-12 08:46:21] [INFO   ] ============================================================
[2026-03-12 08:46:21] [OK     ] Containers: all 5 running
[2026-03-12 08:46:21] [OK     ] API health: healthy (db=ok, redis=ok)
[2026-03-12 08:46:21] [OK     ] Frontend: serving (200)
[2026-03-12 08:46:21] [OK     ] API endpoints: all responding
[2026-03-12 08:46:21] [OK     ] Container logs: clean (no critical errors)
[2026-03-12 08:46:21] [OK     ] Disk space: OK
[2026-03-12 08:46:21] [OK     ] Active crawls: none stuck
[2026-03-12 08:46:21] [INFO   ] Status: HEALTHY  |  Checks: 69  |  Fixes applied: 0
[2026-03-12 08:46:21] [INFO   ] 
[2026-03-12 08:51:23] [INFO   ] ============================================================
[2026-03-12 08:51:23] [INFO   ] Health Check #70
[2026-03-12 08:51:23] [INFO   ] ============================================================
[2026-03-12 08:51:23] [OK     ] Containers: all 5 running
[2026-03-12 08:51:23] [OK     ] API health: healthy (db=ok, redis=ok)
[2026-03-12 08:51:23] [OK     ] Frontend: serving (200)
[2026-03-12 08:51:23] [OK     ] API endpoints: all responding
[2026-03-12 08:51:23] [OK     ] Container logs: clean (no critical errors)
[2026-03-12 08:51:23] [OK     ] Disk space: OK
[2026-03-12 08:51:23] [OK     ] Active crawls: none stuck
[2026-03-12 08:51:23] [INFO   ] Status: HEALTHY  |  Checks: 70  |  Fixes applied: 0
[2026-03-12 08:51:23] [INFO   ] 
[2026-03-12 08:56:25] [INFO   ] ============================================================
[2026-03-12 08:56:25] [INFO   ] Health Check #71
[2026-03-12 08:56:25] [INFO   ] ============================================================
[2026-03-12 08:56:25] [OK     ] Containers: all 5 running
[2026-03-12 08:56:25] [OK     ] API health: healthy (db=ok, redis=ok)
[2026-03-12 08:56:25] [OK     ] Frontend: serving (200)
[2026-03-12 08:56:25] [OK     ] API endpoints: all responding
[2026-03-12 08:56:25] [OK     ] Container logs: clean (no critical errors)
[2026-03-12 08:56:25] [OK     ] Disk space: OK
[2026-03-12 08:56:25] [OK     ] Active crawls: none stuck
[2026-03-12 08:56:25] [INFO   ] Status: HEALTHY  |  Checks: 71  |  Fixes applied: 0
[2026-03-12 08:56:25] [INFO   ] 
[2026-03-12 09:01:27] [INFO   ] ============================================================
[2026-03-12 09:01:27] [INFO   ] Health Check #72
[2026-03-12 09:01:27] [INFO   ] ============================================================
[2026-03-12 09:01:28] [OK     ] Containers: all 5 running
[2026-03-12 09:01:28] [OK     ] API health: healthy (db=ok, redis=ok)
[2026-03-12 09:01:28] [OK     ] Frontend: serving (200)
[2026-03-12 09:01:28] [OK     ] API endpoints: all responding
[2026-03-12 09:01:28] [OK     ] Container logs: clean (no critical errors)
[2026-03-12 09:01:28] [OK     ] Disk space: OK
[2026-03-12 09:01:28] [OK     ] Active crawls: none stuck
[2026-03-12 09:01:28] [INFO   ] Status: HEALTHY  |  Checks: 72  |  Fixes applied: 0
[2026-03-12 09:01:28] [INFO   ] 
[2026-03-12 09:06:30] [INFO   ] ============================================================
[2026-03-12 09:06:30] [INFO   ] Health Check #73
[2026-03-12 09:06:30] [INFO   ] ============================================================
[2026-03-12 09:06:30] [OK     ] Containers: all 5 running
[2026-03-12 09:06:30] [OK     ] API health: healthy (db=ok, redis=ok)
[2026-03-12 09:06:30] [OK     ] Frontend: serving (200)
[2026-03-12 09:06:30] [OK     ] API endpoints: all responding
[2026-03-12 09:06:30] [OK     ] Container logs: clean (no critical errors)
[2026-03-12 09:06:30] [OK     ] Disk space: OK
[2026-03-12 09:06:30] [OK     ] Active crawls: none stuck
[2026-03-12 09:06:30] [INFO   ] Status: HEALTHY  |  Checks: 73  |  Fixes applied: 0
[2026-03-12 09:06:30] [INFO   ] 
[2026-03-12 09:11:32] [INFO   ] ============================================================
[2026-03-12 09:11:32] [INFO   ] Health Check #74
[2026-03-12 09:11:32] [INFO   ] ============================================================
[2026-03-12 09:11:32] [OK     ] Containers: all 5 running
[2026-03-12 09:11:32] [OK     ] API health: healthy (db=ok, redis=ok)
[2026-03-12 09:11:32] [OK     ] Frontend: serving (200)
[2026-03-12 09:11:32] [OK     ] API endpoints: all responding
[2026-03-12 09:11:32] [OK     ] Container logs: clean (no critical errors)
[2026-03-12 09:11:32] [OK     ] Disk space: OK
[2026-03-12 09:11:32] [OK     ] Active crawls: none stuck
[2026-03-12 09:11:32] [INFO   ] Status: HEALTHY  |  Checks: 74  |  Fixes applied: 0
[2026-03-12 09:11:32] [INFO   ] 
[2026-03-12 09:16:34] [INFO   ] ============================================================
[2026-03-12 09:16:34] [INFO   ] Health Check #75
[2026-03-12 09:16:34] [INFO   ] ============================================================
[2026-03-12 09:16:34] [OK     ] Containers: all 5 running
[2026-03-12 09:16:34] [OK     ] API health: healthy (db=ok, redis=ok)
[2026-03-12 09:16:34] [OK     ] Frontend: serving (200)
[2026-03-12 09:16:34] [OK     ] API endpoints: all responding
[2026-03-12 09:16:35] [OK     ] Container logs: clean (no critical errors)
[2026-03-12 09:16:35] [OK     ] Disk space: OK
[2026-03-12 09:16:35] [OK     ] Active crawls: none stuck
[2026-03-12 09:16:35] [INFO   ] Status: HEALTHY  |  Checks: 75  |  Fixes applied: 0
[2026-03-12 09:16:35] [INFO   ] 
[2026-03-12 09:21:36] [INFO   ] ============================================================
[2026-03-12 09:21:36] [INFO   ] Health Check #76
[2026-03-12 09:21:36] [INFO   ] ============================================================
[2026-03-12 09:21:37] [OK     ] Containers: all 5 running
[2026-03-12 09:21:37] [OK     ] API health: healthy (db=ok, redis=ok)
[2026-03-12 09:21:37] [OK     ] Frontend: serving (200)
[2026-03-12 09:21:37] [OK     ] API endpoints: all responding
[2026-03-12 09:21:37] [OK     ] Container logs: clean (no critical errors)
[2026-03-12 09:21:37] [OK     ] Disk space: OK
[2026-03-12 09:21:37] [OK     ] Active crawls: none stuck
[2026-03-12 09:21:37] [INFO   ] Status: HEALTHY  |  Checks: 76  |  Fixes applied: 0
[2026-03-12 09:21:37] [INFO   ] 
[2026-03-12 09:26:39] [INFO   ] ============================================================
[2026-03-12 09:26:39] [INFO   ] Health Check #77
[2026-03-12 09:26:39] [INFO   ] ============================================================
[2026-03-12 09:26:39] [OK     ] Containers: all 5 running
[2026-03-12 09:26:39] [OK     ] API health: healthy (db=ok, redis=ok)
[2026-03-12 09:26:39] [OK     ] Frontend: serving (200)
[2026-03-12 09:26:39] [OK     ] API endpoints: all responding
[2026-03-12 09:26:39] [OK     ] Container logs: clean (no critical errors)
[2026-03-12 09:26:39] [OK     ] Disk space: OK
[2026-03-12 09:26:39] [OK     ] Active crawls: none stuck
[2026-03-12 09:26:39] [INFO   ] Status: HEALTHY  |  Checks: 77  |  Fixes applied: 0
[2026-03-12 09:26:39] [INFO   ] 
[2026-03-12 09:31:41] [INFO   ] ============================================================
[2026-03-12 09:31:41] [INFO   ] Health Check #78
[2026-03-12 09:31:41] [INFO   ] ============================================================
[2026-03-12 09:31:41] [OK     ] Containers: all 5 running
[2026-03-12 09:31:41] [OK     ] API health: healthy (db=ok, redis=ok)
[2026-03-12 09:31:41] [OK     ] Frontend: serving (200)
[2026-03-12 09:31:41] [OK     ] API endpoints: all responding
[2026-03-12 09:31:41] [OK     ] Container logs: clean (no critical errors)
[2026-03-12 09:31:41] [OK     ] Disk space: OK
[2026-03-12 09:31:41] [OK     ] Active crawls: none stuck
[2026-03-12 09:31:41] [INFO   ] Status: HEALTHY  |  Checks: 78  |  Fixes applied: 0
[2026-03-12 09:31:41] [INFO   ] 
[2026-03-12 09:36:43] [INFO   ] ============================================================
[2026-03-12 09:36:43] [INFO   ] Health Check #79
[2026-03-12 09:36:43] [INFO   ] ============================================================
[2026-03-12 09:36:43] [OK     ] Containers: all 5 running
[2026-03-12 09:36:43] [OK     ] API health: healthy (db=ok, redis=ok)
[2026-03-12 09:36:43] [OK     ] Frontend: serving (200)
[2026-03-12 09:36:43] [OK     ] API endpoints: all responding
[2026-03-12 09:36:43] [OK     ] Container logs: clean (no critical errors)
[2026-03-12 09:36:43] [OK     ] Disk space: OK
[2026-03-12 09:36:43] [OK     ] Active crawls: none stuck
[2026-03-12 09:36:43] [INFO   ] Status: HEALTHY  |  Checks: 79  |  Fixes applied: 0
[2026-03-12 09:36:43] [INFO   ] 
[2026-03-12 09:41:45] [INFO   ] ============================================================
[2026-03-12 09:41:45] [INFO   ] Health Check #80
[2026-03-12 09:41:45] [INFO   ] ============================================================
[2026-03-12 09:41:45] [OK     ] Containers: all 5 running
[2026-03-12 09:41:45] [OK     ] API health: healthy (db=ok, redis=ok)
[2026-03-12 09:41:46] [OK     ] Frontend: serving (200)
[2026-03-12 09:41:46] [OK     ] API endpoints: all responding
[2026-03-12 09:41:46] [OK     ] Container logs: clean (no critical errors)
[2026-03-12 09:41:46] [OK     ] Disk space: OK
[2026-03-12 09:41:46] [OK     ] Active crawls: none stuck
[2026-03-12 09:41:46] [INFO   ] Status: HEALTHY  |  Checks: 80  |  Fixes applied: 0
[2026-03-12 09:41:46] [INFO   ] 
[2026-03-12 09:46:48] [INFO   ] ============================================================
[2026-03-12 09:46:48] [INFO   ] Health Check #81
[2026-03-12 09:46:48] [INFO   ] ============================================================
[2026-03-12 09:46:48] [OK     ] Containers: all 5 running
[2026-03-12 09:46:48] [OK     ] API health: healthy (db=ok, redis=ok)
[2026-03-12 09:46:48] [OK     ] Frontend: serving (200)
[2026-03-12 09:46:48] [OK     ] API endpoints: all responding
[2026-03-12 09:46:48] [OK     ] Container logs: clean (no critical errors)
[2026-03-12 09:46:48] [OK     ] Disk space: OK
[2026-03-12 09:46:48] [OK     ] Active crawls: none stuck
[2026-03-12 09:46:48] [INFO   ] Status: HEALTHY  |  Checks: 81  |  Fixes applied: 0
[2026-03-12 09:46:48] [INFO   ] 
[2026-03-12 09:51:50] [INFO   ] ============================================================
[2026-03-12 09:51:50] [INFO   ] Health Check #82
[2026-03-12 09:51:50] [INFO   ] ============================================================
[2026-03-12 09:51:50] [OK     ] Containers: all 5 running
[2026-03-12 09:51:50] [OK     ] API health: healthy (db=ok, redis=ok)
[2026-03-12 09:51:50] [OK     ] Frontend: serving (200)
[2026-03-12 09:51:50] [OK     ] API endpoints: all responding
[2026-03-12 09:51:50] [OK     ] Container logs: clean (no critical errors)
[2026-03-12 09:51:50] [OK     ] Disk space: OK
[2026-03-12 09:51:50] [OK     ] Active crawls: none stuck
[2026-03-12 09:51:50] [INFO   ] Status: HEALTHY  |  Checks: 82  |  Fixes applied: 0
[2026-03-12 09:51:50] [INFO   ] 
[2026-03-12 09:56:52] [INFO   ] ============================================================
[2026-03-12 09:56:52] [INFO   ] Health Check #83
[2026-03-12 09:56:52] [INFO   ] ============================================================
[2026-03-12 09:56:52] [OK     ] Containers: all 5 running
[2026-03-12 09:56:52] [OK     ] API health: healthy (db=ok, redis=ok)
[2026-03-12 09:56:52] [OK     ] Frontend: serving (200)
[2026-03-12 09:56:52] [OK     ] API endpoints: all responding
[2026-03-12 09:56:52] [OK     ] Container logs: clean (no critical errors)
[2026-03-12 09:56:52] [OK     ] Disk space: OK
[2026-03-12 09:56:52] [OK     ] Active crawls: none stuck
[2026-03-12 09:56:52] [INFO   ] Status: HEALTHY  |  Checks: 83  |  Fixes applied: 0
[2026-03-12 09:56:52] [INFO   ] 
[2026-03-12 10:01:54] [INFO   ] ============================================================
[2026-03-12 10:01:54] [INFO   ] Health Check #84
[2026-03-12 10:01:54] [INFO   ] ============================================================
[2026-03-12 10:01:54] [OK     ] Containers: all 5 running
[2026-03-12 10:01:54] [OK     ] API health: healthy (db=ok, redis=ok)
[2026-03-12 10:01:54] [OK     ] Frontend: serving (200)
[2026-03-12 10:01:54] [OK     ] API endpoints: all responding
[2026-03-12 10:01:55] [OK     ] Container logs: clean (no critical errors)
[2026-03-12 10:01:55] [OK     ] Disk space: OK
[2026-03-12 10:01:55] [OK     ] Active crawls: none stuck
[2026-03-12 10:01:55] [INFO   ] Status: HEALTHY  |  Checks: 84  |  Fixes applied: 0
[2026-03-12 10:01:55] [INFO   ] 
[2026-03-12 10:06:57] [INFO   ] ============================================================
[2026-03-12 10:06:57] [INFO   ] Health Check #85
[2026-03-12 10:06:57] [INFO   ] ============================================================
[2026-03-12 10:06:57] [OK     ] Containers: all 5 running
[2026-03-12 10:06:57] [OK     ] API health: healthy (db=ok, redis=ok)
[2026-03-12 10:06:57] [OK     ] Frontend: serving (200)
[2026-03-12 10:06:57] [OK     ] API endpoints: all responding
[2026-03-12 10:06:57] [OK     ] Container logs: clean (no critical errors)
[2026-03-12 10:06:57] [OK     ] Disk space: OK
[2026-03-12 10:06:57] [OK     ] Active crawls: none stuck
[2026-03-12 10:06:57] [INFO   ] Status: HEALTHY  |  Checks: 85  |  Fixes applied: 0
[2026-03-12 10:06:57] [INFO   ] 
[2026-03-12 10:11:59] [INFO   ] ============================================================
[2026-03-12 10:11:59] [INFO   ] Health Check #86
[2026-03-12 10:11:59] [INFO   ] ============================================================
[2026-03-12 10:11:59] [OK     ] Containers: all 5 running
[2026-03-12 10:11:59] [OK     ] API health: healthy (db=ok, redis=ok)
[2026-03-12 10:11:59] [OK     ] Frontend: serving (200)
[2026-03-12 10:11:59] [OK     ] API endpoints: all responding
[2026-03-12 10:11:59] [OK     ] Container logs: clean (no critical errors)
[2026-03-12 10:11:59] [OK     ] Disk space: OK
[2026-03-12 10:11:59] [OK     ] Active crawls: none stuck
[2026-03-12 10:11:59] [INFO   ] Status: HEALTHY  |  Checks: 86  |  Fixes applied: 0
[2026-03-12 10:11:59] [INFO   ] 
[2026-03-12 10:17:01] [INFO   ] ============================================================
[2026-03-12 10:17:01] [INFO   ] Health Check #87
[2026-03-12 10:17:01] [INFO   ] ============================================================
[2026-03-12 10:17:01] [OK     ] Containers: all 5 running
[2026-03-12 10:17:01] [OK     ] API health: healthy (db=ok, redis=ok)
[2026-03-12 10:17:01] [OK     ] Frontend: serving (200)
[2026-03-12 10:17:01] [OK     ] API endpoints: all responding
[2026-03-12 10:17:01] [OK     ] Container logs: clean (no critical errors)
[2026-03-12 10:17:01] [OK     ] Disk space: OK
[2026-03-12 10:17:01] [OK     ] Active crawls: none stuck
[2026-03-12 10:17:01] [INFO   ] Status: HEALTHY  |  Checks: 87  |  Fixes applied: 0
[2026-03-12 10:17:01] [INFO   ] 
[2026-03-12 10:22:03] [INFO   ] ============================================================
[2026-03-12 10:22:03] [INFO   ] Health Check #88
[2026-03-12 10:22:03] [INFO   ] ============================================================
[2026-03-12 10:22:03] [OK     ] Containers: all 5 running
[2026-03-12 10:22:03] [OK     ] API health: healthy (db=ok, redis=ok)
[2026-03-12 10:22:03] [OK     ] Frontend: serving (200)
[2026-03-12 10:22:03] [OK     ] API endpoints: all responding
[2026-03-12 10:22:04] [OK     ] Container logs: clean (no critical errors)
[2026-03-12 10:22:04] [OK     ] Disk space: OK
[2026-03-12 10:22:04] [OK     ] Active crawls: none stuck
[2026-03-12 10:22:04] [INFO   ] Status: HEALTHY  |  Checks: 88  |  Fixes applied: 0
[2026-03-12 10:22:04] [INFO   ] 
[2026-03-12 10:27:05] [INFO   ] ============================================================
[2026-03-12 10:27:05] [INFO   ] Health Check #89
[2026-03-12 10:27:05] [INFO   ] ============================================================
[2026-03-12 10:27:06] [OK     ] Containers: all 5 running
[2026-03-12 10:27:06] [OK     ] API health: healthy (db=ok, redis=ok)
[2026-03-12 10:27:06] [OK     ] Frontend: serving (200)
[2026-03-12 10:27:06] [OK     ] API endpoints: all responding
[2026-03-12 10:27:06] [OK     ] Container logs: clean (no critical errors)
[2026-03-12 10:27:06] [OK     ] Disk space: OK
[2026-03-12 10:27:06] [OK     ] Active crawls: none stuck
[2026-03-12 10:27:06] [INFO   ] Status: HEALTHY  |  Checks: 89  |  Fixes applied: 0
[2026-03-12 10:27:06] [INFO   ] 
[2026-03-12 10:32:08] [INFO   ] ============================================================
[2026-03-12 10:32:08] [INFO   ] Health Check #90
[2026-03-12 10:32:08] [INFO   ] ============================================================
[2026-03-12 10:32:08] [OK     ] Containers: all 5 running
[2026-03-12 10:32:08] [OK     ] API health: healthy (db=ok, redis=ok)
[2026-03-12 10:32:08] [OK     ] Frontend: serving (200)
[2026-03-12 10:32:08] [OK     ] API endpoints: all responding
[2026-03-12 10:32:08] [OK     ] Container logs: clean (no critical errors)
[2026-03-12 10:32:08] [OK     ] Disk space: OK
[2026-03-12 10:32:08] [OK     ] Active crawls: none stuck
[2026-03-12 10:32:08] [INFO   ] Status: HEALTHY  |  Checks: 90  |  Fixes applied: 0
[2026-03-12 10:32:08] [INFO   ] 
[2026-03-12 10:37:10] [INFO   ] ============================================================
[2026-03-12 10:37:10] [INFO   ] Health Check #91
[2026-03-12 10:37:10] [INFO   ] ============================================================
[2026-03-12 10:37:10] [OK     ] Containers: all 5 running
[2026-03-12 10:37:10] [OK     ] API health: healthy (db=ok, redis=ok)
[2026-03-12 10:37:10] [OK     ] Frontend: serving (200)
[2026-03-12 10:37:10] [OK     ] API endpoints: all responding
[2026-03-12 10:37:10] [OK     ] Container logs: clean (no critical errors)
[2026-03-12 10:37:10] [OK     ] Disk space: OK
[2026-03-12 10:37:10] [OK     ] Active crawls: none stuck
[2026-03-12 10:37:10] [INFO   ] Status: HEALTHY  |  Checks: 91  |  Fixes applied: 0
[2026-03-12 10:37:10] [INFO   ] 
[2026-03-12 10:42:12] [INFO   ] ============================================================
[2026-03-12 10:42:12] [INFO   ] Health Check #92
[2026-03-12 10:42:12] [INFO   ] ============================================================
[2026-03-12 10:42:12] [OK     ] Containers: all 5 running
[2026-03-12 10:42:12] [OK     ] API health: healthy (db=ok, redis=ok)
[2026-03-12 10:42:12] [OK     ] Frontend: serving (200)
[2026-03-12 10:42:12] [OK     ] API endpoints: all responding
[2026-03-12 10:42:13] [OK     ] Container logs: clean (no critical errors)
[2026-03-12 10:42:13] [OK     ] Disk space: OK
[2026-03-12 10:42:13] [OK     ] Active crawls: none stuck
[2026-03-12 10:42:13] [INFO   ] Status: HEALTHY  |  Checks: 92  |  Fixes applied: 0
[2026-03-12 10:42:13] [INFO   ] 
[2026-03-12 10:47:14] [INFO   ] ============================================================
[2026-03-12 10:47:14] [INFO   ] Health Check #93
[2026-03-12 10:47:14] [INFO   ] ============================================================
[2026-03-12 10:47:15] [OK     ] Containers: all 5 running
[2026-03-12 10:47:15] [OK     ] API health: healthy (db=ok, redis=ok)
[2026-03-12 10:47:15] [OK     ] Frontend: serving (200)
[2026-03-12 10:47:15] [OK     ] API endpoints: all responding
[2026-03-12 10:47:15] [OK     ] Container logs: clean (no critical errors)
[2026-03-12 10:47:15] [OK     ] Disk space: OK
[2026-03-12 10:47:15] [OK     ] Active crawls: none stuck
[2026-03-12 10:47:15] [INFO   ] Status: HEALTHY  |  Checks: 93  |  Fixes applied: 0
[2026-03-12 10:47:15] [INFO   ] 
[2026-03-12 10:52:17] [INFO   ] ============================================================
[2026-03-12 10:52:17] [INFO   ] Health Check #94
[2026-03-12 10:52:17] [INFO   ] ============================================================
[2026-03-12 10:52:17] [OK     ] Containers: all 5 running
[2026-03-12 10:52:17] [OK     ] API health: healthy (db=ok, redis=ok)
[2026-03-12 10:52:17] [OK     ] Frontend: serving (200)
[2026-03-12 10:52:17] [OK     ] API endpoints: all responding
[2026-03-12 10:52:17] [OK     ] Container logs: clean (no critical errors)
[2026-03-12 10:52:17] [OK     ] Disk space: OK
[2026-03-12 10:52:17] [OK     ] Active crawls: none stuck
[2026-03-12 10:52:17] [INFO   ] Status: HEALTHY  |  Checks: 94  |  Fixes applied: 0
[2026-03-12 10:52:17] [INFO   ] 
[2026-03-12 10:57:19] [INFO   ] ============================================================
[2026-03-12 10:57:19] [INFO   ] Health Check #95
[2026-03-12 10:57:19] [INFO   ] ============================================================
[2026-03-12 10:57:19] [OK     ] Containers: all 5 running
[2026-03-12 10:57:19] [OK     ] API health: healthy (db=ok, redis=ok)
[2026-03-12 10:57:19] [OK     ] Frontend: serving (200)
[2026-03-12 10:57:19] [OK     ] API endpoints: all responding
[2026-03-12 10:57:19] [OK     ] Container logs: clean (no critical errors)
[2026-03-12 10:57:19] [OK     ] Disk space: OK
[2026-03-12 10:57:19] [OK     ] Active crawls: none stuck
[2026-03-12 10:57:19] [INFO   ] Status: HEALTHY  |  Checks: 95  |  Fixes applied: 0
[2026-03-12 10:57:19] [INFO   ] 
[2026-03-12 11:02:21] [INFO   ] ============================================================
[2026-03-12 11:02:21] [INFO   ] Health Check #96
[2026-03-12 11:02:21] [INFO   ] ============================================================
[2026-03-12 11:02:22] [OK     ] Containers: all 5 running
[2026-03-12 11:02:22] [OK     ] API health: healthy (db=ok, redis=ok)
[2026-03-12 11:02:22] [OK     ] Frontend: serving (200)
[2026-03-12 11:02:22] [OK     ] API endpoints: all responding
[2026-03-12 11:02:22] [OK     ] Container logs: clean (no critical errors)
[2026-03-12 11:02:22] [OK     ] Disk space: OK
[2026-03-12 11:02:22] [OK     ] Active crawls: none stuck
[2026-03-12 11:02:22] [INFO   ] Status: HEALTHY  |  Checks: 96  |  Fixes applied: 0
[2026-03-12 11:02:22] [INFO   ] 
[2026-03-12 11:07:24] [INFO   ] ============================================================
[2026-03-12 11:07:24] [INFO   ] Health Check #97
[2026-03-12 11:07:24] [INFO   ] ============================================================
[2026-03-12 11:07:24] [OK     ] Containers: all 5 running
[2026-03-12 11:07:24] [OK     ] API health: healthy (db=ok, redis=ok)
[2026-03-12 11:07:24] [OK     ] Frontend: serving (200)
[2026-03-12 11:07:24] [OK     ] API endpoints: all responding
[2026-03-12 11:07:24] [OK     ] Container logs: clean (no critical errors)
[2026-03-12 11:07:24] [OK     ] Disk space: OK
[2026-03-12 11:07:24] [OK     ] Active crawls: none stuck
[2026-03-12 11:07:24] [INFO   ] Status: HEALTHY  |  Checks: 97  |  Fixes applied: 0
[2026-03-12 11:07:24] [INFO   ] 
[2026-03-12 11:12:26] [INFO   ] ============================================================
[2026-03-12 11:12:26] [INFO   ] Health Check #98
[2026-03-12 11:12:26] [INFO   ] ============================================================
[2026-03-12 11:12:26] [OK     ] Containers: all 5 running
[2026-03-12 11:12:26] [OK     ] API health: healthy (db=ok, redis=ok)
[2026-03-12 11:12:26] [OK     ] Frontend: serving (200)
[2026-03-12 11:12:26] [OK     ] API endpoints: all responding
[2026-03-12 11:12:26] [OK     ] Container logs: clean (no critical errors)
[2026-03-12 11:12:26] [OK     ] Disk space: OK
[2026-03-12 11:12:26] [OK     ] Active crawls: none stuck
[2026-03-12 11:12:26] [INFO   ] Status: HEALTHY  |  Checks: 98  |  Fixes applied: 0
[2026-03-12 11:12:26] [INFO   ] 
[2026-03-12 11:17:28] [INFO   ] ============================================================
[2026-03-12 11:17:28] [INFO   ] Health Check #99
[2026-03-12 11:17:28] [INFO   ] ============================================================
[2026-03-12 11:17:29] [OK     ] Containers: all 5 running
[2026-03-12 11:17:29] [OK     ] API health: healthy (db=ok, redis=ok)
[2026-03-12 11:17:29] [OK     ] Frontend: serving (200)
[2026-03-12 11:17:29] [OK     ] API endpoints: all responding
[2026-03-12 11:17:29] [OK     ] Container logs: clean (no critical errors)
[2026-03-12 11:17:29] [OK     ] Disk space: OK
[2026-03-12 11:17:29] [OK     ] Active crawls: none stuck
[2026-03-12 11:17:29] [INFO   ] Status: HEALTHY  |  Checks: 99  |  Fixes applied: 0
[2026-03-12 11:17:29] [INFO   ] 
[2026-03-12 11:22:31] [INFO   ] ============================================================
[2026-03-12 11:22:31] [INFO   ] Health Check #100
[2026-03-12 11:22:31] [INFO   ] ============================================================
[2026-03-12 11:22:31] [OK     ] Containers: all 5 running
[2026-03-12 11:22:31] [OK     ] API health: healthy (db=ok, redis=ok)
[2026-03-12 11:22:31] [OK     ] Frontend: serving (200)
[2026-03-12 11:22:31] [OK     ] API endpoints: all responding
[2026-03-12 11:22:31] [OK     ] Container logs: clean (no critical errors)
[2026-03-12 11:22:31] [OK     ] Disk space: OK
[2026-03-12 11:22:31] [OK     ] Active crawls: none stuck
[2026-03-12 11:22:31] [INFO   ] Status: HEALTHY  |  Checks: 100  |  Fixes applied: 0
[2026-03-12 11:22:31] [INFO   ] 
[2026-03-12 11:27:32] [INFO   ] ============================================================
[2026-03-12 11:27:32] [INFO   ] Health Check #101
[2026-03-12 11:27:32] [INFO   ] ============================================================
[2026-03-12 11:27:32] [OK     ] Containers: all 5 running
[2026-03-12 11:27:32] [OK     ] API health: healthy (db=ok, redis=ok)
[2026-03-12 11:27:33] [OK     ] Frontend: serving (200)
[2026-03-12 11:27:33] [OK     ] API endpoints: all responding
[2026-03-12 11:27:33] [OK     ] Container logs: clean (no critical errors)
[2026-03-12 11:27:33] [OK     ] Disk space: OK
[2026-03-12 11:27:33] [OK     ] Active crawls: none stuck
[2026-03-12 11:27:33] [INFO   ] Status: HEALTHY  |  Checks: 101  |  Fixes applied: 0
[2026-03-12 11:27:33] [INFO   ] 
[2026-03-12 11:32:34] [INFO   ] ============================================================
[2026-03-12 11:32:34] [INFO   ] Health Check #102
[2026-03-12 11:32:34] [INFO   ] ============================================================
[2026-03-12 11:32:35] [OK     ] Containers: all 5 running
[2026-03-12 11:32:35] [OK     ] API health: healthy (db=ok, redis=ok)
[2026-03-12 11:32:35] [OK     ] Frontend: serving (200)
[2026-03-12 11:32:35] [OK     ] API endpoints: all responding
[2026-03-12 11:32:35] [OK     ] Container logs: clean (no critical errors)
[2026-03-12 11:32:35] [OK     ] Disk space: OK
[2026-03-12 11:32:35] [OK     ] Active crawls: none stuck
[2026-03-12 11:32:35] [INFO   ] Status: HEALTHY  |  Checks: 102  |  Fixes applied: 0
[2026-03-12 11:32:35] [INFO   ] 
[2026-03-12 11:37:36] [INFO   ] ============================================================
[2026-03-12 11:37:36] [INFO   ] Health Check #103
[2026-03-12 11:37:36] [INFO   ] ============================================================
[2026-03-12 11:37:36] [OK     ] Containers: all 5 running
[2026-03-12 11:37:36] [OK     ] API health: healthy (db=ok, redis=ok)
[2026-03-12 11:37:36] [OK     ] Frontend: serving (200)
[2026-03-12 11:37:36] [OK     ] API endpoints: all responding
[2026-03-12 11:37:37] [OK     ] Container logs: clean (no critical errors)
[2026-03-12 11:37:37] [OK     ] Disk space: OK
[2026-03-12 11:37:37] [OK     ] Active crawls: none stuck
[2026-03-12 11:37:37] [INFO   ] Status: HEALTHY  |  Checks: 103  |  Fixes applied: 0
[2026-03-12 11:37:37] [INFO   ] 
[2026-03-12 11:42:38] [INFO   ] ============================================================
[2026-03-12 11:42:38] [INFO   ] Health Check #104
[2026-03-12 11:42:38] [INFO   ] ============================================================
[2026-03-12 11:42:39] [ERROR  ] Container screamingfrogclone-backend-1 health=starting
[2026-03-12 11:42:39] [OK     ] API health: healthy (db=ok, redis=ok)
[2026-03-12 11:42:39] [OK     ] Frontend: serving (200)
[2026-03-12 11:42:39] [OK     ] API endpoints: all responding
[2026-03-12 11:42:39] [OK     ] Container logs: clean (no critical errors)
[2026-03-12 11:42:39] [OK     ] Disk space: OK
[2026-03-12 11:42:39] [OK     ] Active crawls: none stuck
[2026-03-12 11:42:39] [INFO   ] Status: DEGRADED (1 issue(s))  |  Checks: 104  |  Fixes applied: 0
[2026-03-12 11:42:39] [INFO   ] 
[2026-03-12 11:47:41] [INFO   ] ============================================================
[2026-03-12 11:47:41] [INFO   ] Health Check #105
[2026-03-12 11:47:41] [INFO   ] ============================================================
[2026-03-12 11:47:41] [OK     ] Containers: all 5 running
[2026-03-12 11:47:41] [OK     ] API health: healthy (db=ok, redis=ok)
[2026-03-12 11:47:41] [OK     ] Frontend: serving (200)
[2026-03-12 11:47:41] [OK     ] API endpoints: all responding
[2026-03-12 11:47:41] [OK     ] Container logs: clean (no critical errors)
[2026-03-12 11:47:41] [OK     ] Disk space: OK
[2026-03-12 11:47:41] [OK     ] Active crawls: none stuck
[2026-03-12 11:47:41] [INFO   ] Status: HEALTHY  |  Checks: 105  |  Fixes applied: 0
[2026-03-12 11:47:41] [INFO   ] 
[2026-03-12 11:52:42] [INFO   ] ============================================================
[2026-03-12 11:52:42] [INFO   ] Health Check #106
[2026-03-12 11:52:42] [INFO   ] ============================================================
[2026-03-12 11:52:43] [OK     ] Containers: all 5 running
[2026-03-12 11:52:43] [OK     ] API health: healthy (db=ok, redis=ok)
[2026-03-12 11:52:43] [OK     ] Frontend: serving (200)
[2026-03-12 11:52:43] [OK     ] API endpoints: all responding
[2026-03-12 11:52:43] [OK     ] Container logs: clean (no critical errors)
[2026-03-12 11:52:43] [OK     ] Disk space: OK
[2026-03-12 11:52:43] [OK     ] Active crawls: none stuck
[2026-03-12 11:52:43] [INFO   ] Status: HEALTHY  |  Checks: 106  |  Fixes applied: 0
[2026-03-12 11:52:43] [INFO   ] 
[2026-03-12 11:57:45] [INFO   ] ============================================================
[2026-03-12 11:57:45] [INFO   ] Health Check #107
[2026-03-12 11:57:45] [INFO   ] ============================================================
[2026-03-12 11:57:45] [OK     ] Containers: all 5 running
[2026-03-12 11:57:45] [OK     ] API health: healthy (db=ok, redis=ok)
[2026-03-12 11:57:45] [OK     ] Frontend: serving (200)
[2026-03-12 11:57:45] [OK     ] API endpoints: all responding
[2026-03-12 11:57:45] [OK     ] Container logs: clean (no critical errors)
[2026-03-12 11:57:45] [OK     ] Disk space: OK
[2026-03-12 11:57:45] [OK     ] Active crawls: none stuck
[2026-03-12 11:57:45] [INFO   ] Status: HEALTHY  |  Checks: 107  |  Fixes applied: 0
[2026-03-12 11:57:45] [INFO   ] 
[2026-03-12 12:02:47] [INFO   ] ============================================================
[2026-03-12 12:02:47] [INFO   ] Health Check #108
[2026-03-12 12:02:47] [INFO   ] ============================================================
[2026-03-12 12:02:47] [OK     ] Containers: all 5 running
[2026-03-12 12:02:47] [OK     ] API health: healthy (db=ok, redis=ok)
[2026-03-12 12:02:47] [OK     ] Frontend: serving (200)
[2026-03-12 12:02:47] [OK     ] API endpoints: all responding
[2026-03-12 12:02:47] [OK     ] Container logs: clean (no critical errors)
[2026-03-12 12:02:47] [OK     ] Disk space: OK
[2026-03-12 12:02:47] [OK     ] Active crawls: none stuck
[2026-03-12 12:02:47] [INFO   ] Status: HEALTHY  |  Checks: 108  |  Fixes applied: 0
[2026-03-12 12:02:47] [INFO   ] 
[2026-03-12 13:59:16] [INFO   ] ============================================================
[2026-03-12 13:59:16] [INFO   ] Health Check #109
[2026-03-12 13:59:16] [INFO   ] ============================================================
[2026-03-12 13:59:16] [OK     ] Containers: all 5 running
[2026-03-12 13:59:16] [OK     ] API health: healthy (db=ok, redis=ok)
[2026-03-12 13:59:16] [OK     ] Frontend: serving (200)
[2026-03-12 13:59:16] [OK     ] API endpoints: all responding
[2026-03-12 13:59:16] [OK     ] Container logs: clean (no critical errors)
[2026-03-12 13:59:16] [OK     ] Disk space: OK
[2026-03-12 13:59:16] [OK     ] Active crawls: none stuck
[2026-03-12 13:59:16] [INFO   ] Status: HEALTHY  |  Checks: 109  |  Fixes applied: 0
[2026-03-12 13:59:16] [INFO   ] 
[2026-03-12 14:05:33] [INFO   ] ============================================================
[2026-03-12 14:05:33] [INFO   ] Health Check #110
[2026-03-12 14:05:33] [INFO   ] ============================================================
[2026-03-12 14:05:33] [OK     ] Containers: all 5 running
[2026-03-12 14:05:33] [OK     ] API health: healthy (db=ok, redis=ok)
[2026-03-12 14:05:33] [OK     ] Frontend: serving (200)
[2026-03-12 14:05:33] [OK     ] API endpoints: all responding
[2026-03-12 14:05:33] [OK     ] Container logs: clean (no critical errors)
[2026-03-12 14:05:33] [OK     ] Disk space: OK
[2026-03-12 14:05:33] [OK     ] Active crawls: none stuck
[2026-03-12 14:05:33] [INFO   ] Status: HEALTHY  |  Checks: 110  |  Fixes applied: 0
[2026-03-12 14:05:33] [INFO   ] 
[2026-03-12 14:10:34] [INFO   ] ============================================================
[2026-03-12 14:10:34] [INFO   ] Health Check #111
[2026-03-12 14:10:34] [INFO   ] ============================================================
[2026-03-12 14:10:35] [OK     ] Containers: all 5 running
[2026-03-12 14:10:35] [OK     ] API health: healthy (db=ok, redis=ok)
[2026-03-12 14:10:35] [OK     ] Frontend: serving (200)
[2026-03-12 14:10:35] [OK     ] API endpoints: all responding
[2026-03-12 14:10:35] [OK     ] Container logs: clean (no critical errors)
[2026-03-12 14:10:35] [OK     ] Disk space: OK
[2026-03-12 14:10:35] [OK     ] Active crawls: none stuck
[2026-03-12 14:10:35] [INFO   ] Status: HEALTHY  |  Checks: 111  |  Fixes applied: 0
[2026-03-12 14:10:35] [INFO   ] 
[2026-03-12 14:15:36] [INFO   ] ============================================================
[2026-03-12 14:15:36] [INFO   ] Health Check #112
[2026-03-12 14:15:36] [INFO   ] ============================================================
[2026-03-12 14:15:36] [OK     ] Containers: all 5 running
[2026-03-12 14:15:36] [OK     ] API health: healthy (db=ok, redis=ok)
[2026-03-12 14:15:36] [OK     ] Frontend: serving (200)
[2026-03-12 14:15:36] [OK     ] API endpoints: all responding
[2026-03-12 14:15:36] [OK     ] Container logs: clean (no critical errors)
[2026-03-12 14:15:36] [OK     ] Disk space: OK
[2026-03-12 14:15:36] [OK     ] Active crawls: none stuck
[2026-03-12 14:15:36] [INFO   ] Status: HEALTHY  |  Checks: 112  |  Fixes applied: 0
[2026-03-12 14:15:36] [INFO   ] 
[2026-03-12 14:20:38] [INFO   ] ============================================================
[2026-03-12 14:20:38] [INFO   ] Health Check #113
[2026-03-12 14:20:38] [INFO   ] ============================================================
[2026-03-12 14:20:38] [OK     ] Containers: all 5 running
[2026-03-12 14:20:38] [OK     ] API health: healthy (db=ok, redis=ok)
[2026-03-12 14:20:38] [OK     ] Frontend: serving (200)
[2026-03-12 14:20:38] [OK     ] API endpoints: all responding
[2026-03-12 14:20:38] [OK     ] Container logs: clean (no critical errors)
[2026-03-12 14:20:38] [OK     ] Disk space: OK
[2026-03-12 14:20:38] [OK     ] Active crawls: none stuck
[2026-03-12 14:20:38] [INFO   ] Status: HEALTHY  |  Checks: 113  |  Fixes applied: 0
[2026-03-12 14:20:38] [INFO   ] 
[2026-03-12 14:25:39] [INFO   ] ============================================================
[2026-03-12 14:25:39] [INFO   ] Health Check #114
[2026-03-12 14:25:39] [INFO   ] ============================================================
[2026-03-12 14:25:39] [ERROR  ] Container screamingfrogclone-backend-1 health=starting
[2026-03-12 14:25:39] [ERROR  ] API health unreachable (curl exit=56)
[2026-03-12 14:25:39] [ERROR  ] Frontend unreachable (curl exit=56)
[2026-03-12 14:25:39] [WARN   ] GET http://localhost/api/v1/projects?limit=1 — unreachable
[2026-03-12 14:25:39] [OK     ] Container logs: clean (no critical errors)
[2026-03-12 14:25:39] [OK     ] Disk space: OK
[2026-03-12 14:25:39] [OK     ] Active crawls: none stuck
[2026-03-12 14:25:39] [INFO   ] Status: DEGRADED (4 issue(s))  |  Checks: 114  |  Fixes applied: 0
[2026-03-12 14:25:39] [INFO   ] 
[2026-03-12 14:30:40] [INFO   ] ============================================================
[2026-03-12 14:30:40] [INFO   ] Health Check #115
[2026-03-12 14:30:40] [INFO   ] ============================================================
[2026-03-12 14:30:40] [OK     ] Containers: all 5 running
[2026-03-12 14:30:41] [OK     ] API health: healthy (db=ok, redis=ok)
[2026-03-12 14:30:41] [OK     ] Frontend: serving (200)
[2026-03-12 14:30:41] [OK     ] API endpoints: all responding
[2026-03-12 14:30:41] [OK     ] Container logs: clean (no critical errors)
[2026-03-12 14:30:41] [OK     ] Disk space: OK
[2026-03-12 14:30:41] [OK     ] Active crawls: none stuck
[2026-03-12 14:30:41] [INFO   ] Status: HEALTHY  |  Checks: 115  |  Fixes applied: 0
[2026-03-12 14:30:41] [INFO   ] 
